
The following have been reloaded with a version change:
  1) conda/2021-06-26 => conda/2022-07-01     2) openmpi/openmpi-4.0.5 => openmpi/openmpi-4.1.4_ucx-1.12.1_gcc-9.4.0

Job ID: 
Job started at: 2022-11-17-124839
DIR:/home/jugacostase/ThetaGPU/ai-science-training-series/07_largeScaleTraining/src/ai4sci
┏━━━━━━━━━━━━━━━━━━━━━━━━━━━━━━━━━━━━━━━━━━━━━━━━━━━━━━━━━━━━━━━┓
┃  Job started at: 2022-11-17-124839 on thetagpu04           ┃
┗━━━━━━━━━━━━━━━━━━━━━━━━━━━━━━━━━━━━━━━━━━━━━━━━━━━━━━━━━━━━━━━┛
Found venv at: /home/jugacostase/ThetaGPU/ai-science-training-series/07_largeScaleTraining/venv/, using that
./main.sh: line 142: /home/jugacostase/ThetaGPU/ai-science-training-series/07_largeScaleTraining/venvs/thetaGPU/2022-07-01/bin/activate: No such file or directory
Defaulting to user installation because normal site-packages is not writeable
Requirement already satisfied: pip in /lus/theta-fs0/software/thetagpu/conda/2022-07-01/mconda3/lib/python3.8/site-packages (22.3)
Collecting pip
  Using cached pip-22.3.1-py3-none-any.whl (2.1 MB)
Installing collected packages: pip
  WARNING: The scripts pip, pip3, pip3.10 and pip3.8 are installed in '/home/jugacostase/.local/thetagpu/conda/2022-07-01/bin' which is not on PATH.
  Consider adding this directory to PATH or, if you prefer to suppress this warning, use --no-warn-script-location.
Successfully installed pip-22.3.1

[notice] A new release of pip available: 22.3 -> 22.3.1
[notice] To update, run: pip install --upgrade pip
Defaulting to user installation because normal site-packages is not writeable
Obtaining file:///home/jugacostase/ThetaGPU/ai-science-training-series/07_largeScaleTraining
  Installing build dependencies: started
  Installing build dependencies: finished with status 'done'
  Checking if build backend supports build_editable: started
  Checking if build backend supports build_editable: finished with status 'done'
  Getting requirements to build editable: started
  Getting requirements to build editable: finished with status 'done'
  Preparing editable metadata (pyproject.toml): started
  Preparing editable metadata (pyproject.toml): finished with status 'done'
Building wheels for collected packages: ai4sci
  Building editable for ai4sci (pyproject.toml): started
  Building editable for ai4sci (pyproject.toml): finished with status 'done'
  Created wheel for ai4sci: filename=ai4sci-0.0.0-0.editable-py3-none-any.whl size=1177 sha256=7651193baf3d31120d2c79222d078ed0dc5846327f48eca48e7393f2b56b119f
  Stored in directory: /tmp/pip-ephem-wheel-cache-o1x4i7fj/wheels/60/70/cf/ca6ea2776dc55a318f4fa01233e25e563261a45b069f63a30b
Successfully built ai4sci
Installing collected packages: ai4sci
Successfully installed ai4sci-0.0.0
WIDTH: 
DIR=/home/jugacostase/ThetaGPU/ai-science-training-series/07_largeScaleTraining/src/ai4sci
MAIN=/home/jugacostase/ThetaGPU/ai-science-training-series/07_largeScaleTraining/src/ai4sci/main.py
PARENT=/home/jugacostase/ThetaGPU/ai-science-training-series/07_largeScaleTraining/src
ROOT=/home/jugacostase/ThetaGPU/ai-science-training-series/07_largeScaleTraining
LOGDIR=/home/jugacostase/ThetaGPU/ai-science-training-series/07_largeScaleTraining/src/ai4sci/logs
LOGFILE=/home/jugacostase/ThetaGPU/ai-science-training-series/07_largeScaleTraining/src/ai4sci/logs/2022-11-17-124839-thetagpu04_ngpu8_ncpu256.log
IBV_FORK_SAFE=
──────────────────────────────────────────────────────────────────────────────────────────────────────────────────────────────────────────────────────────────────────────────────────────────────────────┏━━━━━━━━━━━━━━━━━━━━━━━━━━━━━━━━━━━━━━━━━━━━━━━━┓
┃  STARTING A NEW RUN ON 8 GPUs 256  ┃
┗━━━━━━━━━━━━━━━━━━━━━━━━━━━━━━━━━━━━━━━━━━━━━━━━┛


──────────────────────────────────────────────────────────────────────────────────────────────────────────────────────────────────────────────────────────────────────────────────────────────────────────┃  - DATE: 2022-11-17-124839
┃  - NCPUS: 256
┃  - NRANKS: 1
┃  - NGPUS PER RANK: 8
┃  - NGPUS TOTAL: 8
┃  - MAIN: /home/jugacostase/ThetaGPU/ai-science-training-series/07_largeScaleTraining/src/ai4sci/main.py
┃  - Writing logs to /home/jugacostase/ThetaGPU/ai-science-training-series/07_largeScaleTraining/src/ai4sci/logs/2022-11-17-124839-thetagpu04_ngpu8_ncpu256.log
┃  - python3: /lus/theta-fs0/software/thetagpu/conda/2022-07-01/mconda3/bin/python3
┃  - mpirun: /lus/theta-fs0/software/thetagpu/openmpi/openmpi-4.1.4_ucx-1.12.1_gcc-9.4.0/bin/mpirun
┃  - ai4sci: /home/jugacostase/ThetaGPU/ai-science-training-series/07_largeScaleTraining/src/ai4sci/__init__.py
┃  - exec: /lus/theta-fs0/software/thetagpu/openmpi/openmpi-4.1.4_ucx-1.12.1_gcc-9.4.0/bin/mpirun --verbose     -n 8     --hostfile /var/tmp/cobalt.10115874     -npernode 8     -x PYTHONUSERBASE     -x PYTHONSTARTUP     -x http_proxy     -x https_proxy     -x PATH     -x LD_LIBRARY_PATH /lus/theta-fs0/software/thetagpu/conda/2022-07-01/mconda3/bin/python3 /home/jugacostase/ThetaGPU/ai-science-training-series/07_largeScaleTraining/src/ai4sci/main.py 
──────────────────────────────────────────────────────────────────────────────────────────────────────────────────────────────────────────────────────────────────────────────────────────────────────────

[thetagpu04:2606367] Warning: could not find environment variable "PYTHONSTARTUP"
2022-11-17 12:50:22.337887: W tensorflow/core/grappler/costs/op_level_cost_estimator.cc:690] Error in PredictCost() for the op: op: "CropAndResize" attr { key: "T" value { type: DT_UINT8 } } attr { key: "extrapolation_value" value { f: 0 } } attr { key: "method" value { s: "bilinear" } } inputs { dtype: DT_UINT8 shape { dim { size: 1 } dim { size: -5 } dim { size: -6 } dim { size: 3 } } } inputs { dtype: DT_FLOAT shape { dim { size: -2 } dim { size: 4 } } } inputs { dtype: DT_INT32 shape { dim { size: -2 } } } inputs { dtype: DT_INT32 shape { dim { size: 2 } } } device { type: "CPU" vendor: "AuthenticAMD" model: "241" frequency: 2245 num_cores: 32 environment { key: "cpu_instruction_set" value: "SSE, SSE2, SSE3" } environment { key: "eigen" value: "3.4.90" } l1_cache_size: 32768 l2_cache_size: 524288 l3_cache_size: 268435456 memory_size: 268435456 } outputs { dtype: DT_FLOAT shape { dim { size: -2 } dim { size: -10 } dim { size: -11 } dim { size: 3 } } }
2022-11-17 12:50:22.337894: W tensorflow/core/grappler/costs/op_level_cost_estimator.cc:690] Error in PredictCost() for the op: op: "CropAndResize" attr { key: "T" value { type: DT_UINT8 } } attr { key: "extrapolation_value" value { f: 0 } } attr { key: "method" value { s: "bilinear" } } inputs { dtype: DT_UINT8 shape { dim { size: 1 } dim { size: -5 } dim { size: -6 } dim { size: 3 } } } inputs { dtype: DT_FLOAT shape { dim { size: -2 } dim { size: 4 } } } inputs { dtype: DT_INT32 shape { dim { size: -2 } } } inputs { dtype: DT_INT32 shape { dim { size: 2 } } } device { type: "CPU" vendor: "AuthenticAMD" model: "241" frequency: 2245 num_cores: 32 environment { key: "cpu_instruction_set" value: "SSE, SSE2, SSE3" } environment { key: "eigen" value: "3.4.90" } l1_cache_size: 32768 l2_cache_size: 524288 l3_cache_size: 268435456 memory_size: 268435456 } outputs { dtype: DT_FLOAT shape { dim { size: -2 } dim { size: -10 } dim { size: -11 } dim { size: 3 } } }
2022-11-17 12:50:22.337892: W tensorflow/core/grappler/costs/op_level_cost_estimator.cc:690] Error in PredictCost() for the op: op: "CropAndResize" attr { key: "T" value { type: DT_UINT8 } } attr { key: "extrapolation_value" value { f: 0 } } attr { key: "method" value { s: "bilinear" } } inputs { dtype: DT_UINT8 shape { dim { size: 1 } dim { size: -5 } dim { size: -6 } dim { size: 3 } } } inputs { dtype: DT_FLOAT shape { dim { size: -2 } dim { size: 4 } } } inputs { dtype: DT_INT32 shape { dim { size: -2 } } } inputs { dtype: DT_INT32 shape { dim { size: 2 } } } device { type: "CPU" vendor: "AuthenticAMD" model: "241" frequency: 2245 num_cores: 32 environment { key: "cpu_instruction_set" value: "SSE, SSE2, SSE3" } environment { key: "eigen" value: "3.4.90" } l1_cache_size: 32768 l2_cache_size: 524288 l3_cache_size: 268435456 memory_size: 268435456 } outputs { dtype: DT_FLOAT shape { dim { size: -2 } dim { size: -10 } dim { size: -11 } dim { size: 3 } } }
2022-11-17 12:50:22.337897: W tensorflow/core/grappler/costs/op_level_cost_estimator.cc:690] Error in PredictCost() for the op: op: "CropAndResize" attr { key: "T" value { type: DT_UINT8 } } attr { key: "extrapolation_value" value { f: 0 } } attr { key: "method" value { s: "bilinear" } } inputs { dtype: DT_UINT8 shape { dim { size: 1 } dim { size: -5 } dim { size: -6 } dim { size: 3 } } } inputs { dtype: DT_FLOAT shape { dim { size: -2 } dim { size: 4 } } } inputs { dtype: DT_INT32 shape { dim { size: -2 } } } inputs { dtype: DT_INT32 shape { dim { size: 2 } } } device { type: "CPU" vendor: "AuthenticAMD" model: "241" frequency: 2245 num_cores: 32 environment { key: "cpu_instruction_set" value: "SSE, SSE2, SSE3" } environment { key: "eigen" value: "3.4.90" } l1_cache_size: 32768 l2_cache_size: 524288 l3_cache_size: 268435456 memory_size: 268435456 } outputs { dtype: DT_FLOAT shape { dim { size: -2 } dim { size: -10 } dim { size: -11 } dim { size: 3 } } }
2022-11-17 12:50:22.337892: W tensorflow/core/grappler/costs/op_level_cost_estimator.cc:690] Error in PredictCost() for the op: op: "CropAndResize" attr { key: "T" value { type: DT_UINT8 } } attr { key: "extrapolation_value" value { f: 0 } } attr { key: "method" value { s: "bilinear" } } inputs { dtype: DT_UINT8 shape { dim { size: 1 } dim { size: -5 } dim { size: -6 } dim { size: 3 } } } inputs { dtype: DT_FLOAT shape { dim { size: -2 } dim { size: 4 } } } inputs { dtype: DT_INT32 shape { dim { size: -2 } } } inputs { dtype: DT_INT32 shape { dim { size: 2 } } } device { type: "CPU" vendor: "AuthenticAMD" model: "241" frequency: 2245 num_cores: 32 environment { key: "cpu_instruction_set" value: "SSE, SSE2, SSE3" } environment { key: "eigen" value: "3.4.90" } l1_cache_size: 32768 l2_cache_size: 524288 l3_cache_size: 268435456 memory_size: 268435456 } outputs { dtype: DT_FLOAT shape { dim { size: -2 } dim { size: -10 } dim { size: -11 } dim { size: 3 } } }
2022-11-17 12:50:22.337889: W tensorflow/core/grappler/costs/op_level_cost_estimator.cc:690] Error in PredictCost() for the op: op: "CropAndResize" attr { key: "T" value { type: DT_UINT8 } } attr { key: "extrapolation_value" value { f: 0 } } attr { key: "method" value { s: "bilinear" } } inputs { dtype: DT_UINT8 shape { dim { size: 1 } dim { size: -5 } dim { size: -6 } dim { size: 3 } } } inputs { dtype: DT_FLOAT shape { dim { size: -2 } dim { size: 4 } } } inputs { dtype: DT_INT32 shape { dim { size: -2 } } } inputs { dtype: DT_INT32 shape { dim { size: 2 } } } device { type: "CPU" vendor: "AuthenticAMD" model: "241" frequency: 2245 num_cores: 32 environment { key: "cpu_instruction_set" value: "SSE, SSE2, SSE3" } environment { key: "eigen" value: "3.4.90" } l1_cache_size: 32768 l2_cache_size: 524288 l3_cache_size: 268435456 memory_size: 268435456 } outputs { dtype: DT_FLOAT shape { dim { size: -2 } dim { size: -10 } dim { size: -11 } dim { size: 3 } } }
2022-11-17 12:50:22.337900: W tensorflow/core/grappler/costs/op_level_cost_estimator.cc:690] Error in PredictCost() for the op: op: "CropAndResize" attr { key: "T" value { type: DT_UINT8 } } attr { key: "extrapolation_value" value { f: 0 } } attr { key: "method" value { s: "bilinear" } } inputs { dtype: DT_UINT8 shape { dim { size: 1 } dim { size: -5 } dim { size: -6 } dim { size: 3 } } } inputs { dtype: DT_FLOAT shape { dim { size: -2 } dim { size: 4 } } } inputs { dtype: DT_INT32 shape { dim { size: -2 } } } inputs { dtype: DT_INT32 shape { dim { size: 2 } } } device { type: "CPU" vendor: "AuthenticAMD" model: "241" frequency: 2245 num_cores: 32 environment { key: "cpu_instruction_set" value: "SSE, SSE2, SSE3" } environment { key: "eigen" value: "3.4.90" } l1_cache_size: 32768 l2_cache_size: 524288 l3_cache_size: 268435456 memory_size: 268435456 } outputs { dtype: DT_FLOAT shape { dim { size: -2 } dim { size: -10 } dim { size: -11 } dim { size: 3 } } }
2022-11-17 12:50:22.337915: W tensorflow/core/grappler/costs/op_level_cost_estimator.cc:690] Error in PredictCost() for the op: op: "CropAndResize" attr { key: "T" value { type: DT_UINT8 } } attr { key: "extrapolation_value" value { f: 0 } } attr { key: "method" value { s: "bilinear" } } inputs { dtype: DT_UINT8 shape { dim { size: 1 } dim { size: -5 } dim { size: -6 } dim { size: 3 } } } inputs { dtype: DT_FLOAT shape { dim { size: -2 } dim { size: 4 } } } inputs { dtype: DT_INT32 shape { dim { size: -2 } } } inputs { dtype: DT_INT32 shape { dim { size: 2 } } } device { type: "CPU" vendor: "AuthenticAMD" model: "241" frequency: 2245 num_cores: 32 environment { key: "cpu_instruction_set" value: "SSE, SSE2, SSE3" } environment { key: "eigen" value: "3.4.90" } l1_cache_size: 32768 l2_cache_size: 524288 l3_cache_size: 268435456 memory_size: 268435456 } outputs { dtype: DT_FLOAT shape { dim { size: -2 } dim { size: -10 } dim { size: -11 } dim { size: 3 } } }
