Job ID: 
Job started at: 2022-11-17-110015
DIR:/home/jugacostase/ThetaGPU/ai-science-training-series/07_largeScaleTraining/src/ai4sci
┏━━━━━━━━━━━━━━━━━━━━━━━━━━━━━━━━━━━━━━━━━━━━━━━━━━━━━━━━━━━━━━━┓
┃  Job started at: 2022-11-17-110015 on thetagpu22           ┃
┗━━━━━━━━━━━━━━━━━━━━━━━━━━━━━━━━━━━━━━━━━━━━━━━━━━━━━━━━━━━━━━━┛
Found venv at: /home/jugacostase/ThetaGPU/ai-science-training-series/07_largeScaleTraining/venvs/thetaGPU/2022-07-01
Collecting pip
  Using cached pip-22.3.1-py3-none-any.whl (2.1 MB)
Installing collected packages: pip
  Attempting uninstall: pip
    Found existing installation: pip 20.1.1
    Uninstalling pip-20.1.1:
      Successfully uninstalled pip-20.1.1
Successfully installed pip-22.3.1
Obtaining file:///home/jugacostase/ThetaGPU/ai-science-training-series/07_largeScaleTraining
  Installing build dependencies: started
  Installing build dependencies: finished with status 'done'
  Checking if build backend supports build_editable: started
  Checking if build backend supports build_editable: finished with status 'done'
  Getting requirements to build editable: started
  Getting requirements to build editable: finished with status 'done'
  Preparing editable metadata (pyproject.toml): started
  Preparing editable metadata (pyproject.toml): finished with status 'done'
Building wheels for collected packages: ai4sci
  Building editable for ai4sci (pyproject.toml): started
  Building editable for ai4sci (pyproject.toml): finished with status 'done'
  Created wheel for ai4sci: filename=ai4sci-0.0.0-0.editable-py3-none-any.whl size=1177 sha256=f776881a9779237fb2d4e2ded5b1204987d2baaf99f1cb9eb42e17359ed57e84
  Stored in directory: /tmp/pip-ephem-wheel-cache-oxg2iylg/wheels/60/70/cf/ca6ea2776dc55a318f4fa01233e25e563261a45b069f63a30b
Successfully built ai4sci
Installing collected packages: ai4sci
Successfully installed ai4sci-0.0.0
WIDTH: 
DIR=/home/jugacostase/ThetaGPU/ai-science-training-series/07_largeScaleTraining/src/ai4sci
MAIN=/home/jugacostase/ThetaGPU/ai-science-training-series/07_largeScaleTraining/src/ai4sci/main.py
PARENT=/home/jugacostase/ThetaGPU/ai-science-training-series/07_largeScaleTraining/src
ROOT=/home/jugacostase/ThetaGPU/ai-science-training-series/07_largeScaleTraining
LOGDIR=/home/jugacostase/ThetaGPU/ai-science-training-series/07_largeScaleTraining/src/ai4sci/logs
LOGFILE=/home/jugacostase/ThetaGPU/ai-science-training-series/07_largeScaleTraining/src/ai4sci/logs/2022-11-17-110015-thetagpu22_ngpu8_ncpu256.log
IBV_FORK_SAFE=
──────────────────────────────────────────────────────────────────────────────────────────────────────────────────────────────────────────────────────────────────────────────────────────────────────────┏━━━━━━━━━━━━━━━━━━━━━━━━━━━━━━━━━━━━━━━━━━━━━━━━┓
┃  STARTING A NEW RUN ON 8 GPUs 256  ┃
┗━━━━━━━━━━━━━━━━━━━━━━━━━━━━━━━━━━━━━━━━━━━━━━━━┛


──────────────────────────────────────────────────────────────────────────────────────────────────────────────────────────────────────────────────────────────────────────────────────────────────────────┃  - DATE: 2022-11-17-110015
┃  - NCPUS: 256
┃  - NRANKS: 1
┃  - NGPUS PER RANK: 8
┃  - NGPUS TOTAL: 8
┃  - MAIN: /home/jugacostase/ThetaGPU/ai-science-training-series/07_largeScaleTraining/src/ai4sci/main.py
┃  - Writing logs to /home/jugacostase/ThetaGPU/ai-science-training-series/07_largeScaleTraining/src/ai4sci/logs/2022-11-17-110015-thetagpu22_ngpu8_ncpu256.log
┃  - python3: /home/jugacostase/ThetaGPU/ai-science-training-series/07_largeScaleTraining/venvs/thetaGPU/2022-07-01/bin/python3
┃  - mpirun: /lus/theta-fs0/software/thetagpu/openmpi/openmpi-4.1.4_ucx-1.12.1_gcc-9.4.0/bin/mpirun
┃  - ai4sci: /home/jugacostase/ThetaGPU/ai-science-training-series/07_largeScaleTraining/src/ai4sci/__init__.py
┃  - exec: /lus/theta-fs0/software/thetagpu/openmpi/openmpi-4.1.4_ucx-1.12.1_gcc-9.4.0/bin/mpirun --verbose     -n 8     --hostfile /var/tmp/cobalt.10115850     -npernode 8     -x PYTHONUSERBASE     -x PYTHONSTARTUP     -x http_proxy     -x https_proxy     -x PATH     -x LD_LIBRARY_PATH /home/jugacostase/ThetaGPU/ai-science-training-series/07_largeScaleTraining/venvs/thetaGPU/2022-07-01/bin/python3 /home/jugacostase/ThetaGPU/ai-science-training-series/07_largeScaleTraining/src/ai4sci/main.py batch_size=512
──────────────────────────────────────────────────────────────────────────────────────────────────────────────────────────────────────────────────────────────────────────────────────────────────────────

[thetagpu22:337382] Warning: could not find environment variable "PYTHONSTARTUP"
2022-11-17 11:00:38.624005: I tensorflow/stream_executor/platform/default/dso_loader.cc:49] Successfully opened dynamic library libcudart.so.11.0
2022-11-17 11:00:38.624000: I tensorflow/stream_executor/platform/default/dso_loader.cc:49] Successfully opened dynamic library libcudart.so.11.0
2022-11-17 11:00:38.624005: I tensorflow/stream_executor/platform/default/dso_loader.cc:49] Successfully opened dynamic library libcudart.so.11.0
2022-11-17 11:00:38.624011: I tensorflow/stream_executor/platform/default/dso_loader.cc:49] Successfully opened dynamic library libcudart.so.11.0
2022-11-17 11:00:38.624009: I tensorflow/stream_executor/platform/default/dso_loader.cc:49] Successfully opened dynamic library libcudart.so.11.0
2022-11-17 11:00:38.623993: I tensorflow/stream_executor/platform/default/dso_loader.cc:49] Successfully opened dynamic library libcudart.so.11.0
2022-11-17 11:00:38.624012: I tensorflow/stream_executor/platform/default/dso_loader.cc:49] Successfully opened dynamic library libcudart.so.11.0
2022-11-17 11:00:38.624005: I tensorflow/stream_executor/platform/default/dso_loader.cc:49] Successfully opened dynamic library libcudart.so.11.0
Traceback (most recent call last):
  File "/home/jugacostase/ThetaGPU/ai-science-training-series/07_largeScaleTraining/src/ai4sci/main.py", line 15, in <module>
    import hydra
ModuleNotFoundError: No module named 'hydra'
Traceback (most recent call last):
  File "/home/jugacostase/ThetaGPU/ai-science-training-series/07_largeScaleTraining/src/ai4sci/main.py", line 15, in <module>
    import hydra
ModuleNotFoundError: No module named 'hydra'
Traceback (most recent call last):
  File "/home/jugacostase/ThetaGPU/ai-science-training-series/07_largeScaleTraining/src/ai4sci/main.py", line 15, in <module>
    import hydra
ModuleNotFoundError: No module named 'hydra'
Traceback (most recent call last):
  File "/home/jugacostase/ThetaGPU/ai-science-training-series/07_largeScaleTraining/src/ai4sci/main.py", line 15, in <module>
    import hydra
ModuleNotFoundError: No module named 'hydra'
Traceback (most recent call last):
  File "/home/jugacostase/ThetaGPU/ai-science-training-series/07_largeScaleTraining/src/ai4sci/main.py", line 15, in <module>
    import hydra
ModuleNotFoundError: No module named 'hydra'
Traceback (most recent call last):
  File "/home/jugacostase/ThetaGPU/ai-science-training-series/07_largeScaleTraining/src/ai4sci/main.py", line 15, in <module>
    import hydra
ModuleNotFoundError: No module named 'hydra'
Traceback (most recent call last):
  File "/home/jugacostase/ThetaGPU/ai-science-training-series/07_largeScaleTraining/src/ai4sci/main.py", line 15, in <module>
    import hydra
ModuleNotFoundError: No module named 'hydra'
Traceback (most recent call last):
  File "/home/jugacostase/ThetaGPU/ai-science-training-series/07_largeScaleTraining/src/ai4sci/main.py", line 15, in <module>
    import hydra
ModuleNotFoundError: No module named 'hydra'
--------------------------------------------------------------------------
Primary job  terminated normally, but 1 process returned
a non-zero exit code. Per user-direction, the job has been aborted.
--------------------------------------------------------------------------
--------------------------------------------------------------------------
orterun detected that one or more processes exited with non-zero status, thus causing
the job to be terminated. The first process to do so was:

  Process name: [[16602,1],3]
  Exit code:    1
--------------------------------------------------------------------------
