{
    "data": {
        "handler": "ilsvrc_dataset",
        "batch_size": 256,
        "train_filelist": "/grand/projects/ALCFAITP/ilsvrc_train_filelist.txt",
        "test_filelist": "/grand/projects/ALCFAITP/ilsvrc_val_filelist.txt",
        "shuffle_buffer": 200000,
        "reshuffle_each_iteration": true,
        "num_parallel_readers": 128,
        "prefetch_buffer_size": 8,
        "crop_image_size": [
            256,
            256
        ],
        "num_classes": 1000,
        "num_channels": 3
    }
}
{
    "data": {
        "handler": "ilsvrc_dataset",
        "batch_size": 256,
        "train_filelist": "/grand/projects/ALCFAITP/ilsvrc_train_filelist.txt",
        "test_filelist": "/grand/projects/ALCFAITP/ilsvrc_val_filelist.txt",
        "shuffle_buffer": 200000,
        "reshuffle_each_iteration": true,
        "num_parallel_readers": 128,
        "prefetch_buffer_size": 8,
        "crop_image_size": [
            256,
            256
        ],
        "num_classes": 1000,
        "num_channels": 3
    }
}
{
    "data": {
        "handler": "ilsvrc_dataset",
        "batch_size": 256,
        "train_filelist": "/grand/projects/ALCFAITP/ilsvrc_train_filelist.txt",
        "test_filelist": "/grand/projects/ALCFAITP/ilsvrc_val_filelist.txt",
        "shuffle_buffer": 200000,
        "reshuffle_each_iteration": true,
        "num_parallel_readers": 128,
        "prefetch_buffer_size": 8,
        "crop_image_size": [
            256,
            256
        ],
        "num_classes": 1000,
        "num_channels": 3
    }
}
{
    "data": {
        "handler": "ilsvrc_dataset",
        "batch_size": 256,
        "train_filelist": "/grand/projects/ALCFAITP/ilsvrc_train_filelist.txt",
        "test_filelist": "/grand/projects/ALCFAITP/ilsvrc_val_filelist.txt",
        "shuffle_buffer": 200000,
        "reshuffle_each_iteration": true,
        "num_parallel_readers": 128,
        "prefetch_buffer_size": 8,
        "crop_image_size": [
            256,
            256
        ],
        "num_classes": 1000,
        "num_channels": 3
    }
}
{
    "data": {
        "handler": "ilsvrc_dataset",
        "batch_size": 256,
        "train_filelist": "/grand/projects/ALCFAITP/ilsvrc_train_filelist.txt",
        "test_filelist": "/grand/projects/ALCFAITP/ilsvrc_val_filelist.txt",
        "shuffle_buffer": 200000,
        "reshuffle_each_iteration": true,
        "num_parallel_readers": 128,
        "prefetch_buffer_size": 8,
        "crop_image_size": [
            256,
            256
        ],
        "num_classes": 1000,
        "num_channels": 3
    }
}
{
    "data": {
        "handler": "ilsvrc_dataset",
        "batch_size": 256,
        "train_filelist": "/grand/projects/ALCFAITP/ilsvrc_train_filelist.txt",
        "test_filelist": "/grand/projects/ALCFAITP/ilsvrc_val_filelist.txt",
        "shuffle_buffer": 200000,
        "reshuffle_each_iteration": true,
        "num_parallel_readers": 128,
        "prefetch_buffer_size": 8,
        "crop_image_size": [
            256,
            256
        ],
        "num_classes": 1000,
        "num_channels": 3
    }
}
{
    "data": {
        "handler": "ilsvrc_dataset",
        "batch_size": 256,
        "train_filelist": "/grand/projects/ALCFAITP/ilsvrc_train_filelist.txt",
        "test_filelist": "/grand/projects/ALCFAITP/ilsvrc_val_filelist.txt",
        "shuffle_buffer": 200000,
        "reshuffle_each_iteration": true,
        "num_parallel_readers": 128,
        "prefetch_buffer_size": 8,
        "crop_image_size": [
            256,
            256
        ],
        "num_classes": 1000,
        "num_channels": 3
    }
}
{
    "data": {
        "handler": "ilsvrc_dataset",
        "batch_size": 256,
        "train_filelist": "/grand/projects/ALCFAITP/ilsvrc_train_filelist.txt",
        "test_filelist": "/grand/projects/ALCFAITP/ilsvrc_val_filelist.txt",
        "shuffle_buffer": 200000,
        "reshuffle_each_iteration": true,
        "num_parallel_readers": 128,
        "prefetch_buffer_size": 8,
        "crop_image_size": [
            256,
            256
        ],
        "num_classes": 1000,
        "num_channels": 3
    }
}
num labels: 1000
build dataset /grand/projects/ALCFAITP/ilsvrc_train_filelist.txt
[[36m2022-11-17 12:50:19,679[0m][[34mai4sci.ilsvrc_dataset[0m][[32mINFO[0m] - input filelist contains 1281167 files, estimated batches per rank 625[0m
build dataset /grand/projects/ALCFAITP/ilsvrc_val_filelist.txt
[[36m2022-11-17 12:50:22,010[0m][[34mai4sci.ilsvrc_dataset[0m][[32mINFO[0m] - input filelist contains 50000 files, estimated batches per rank 24[0m
thetagpu04:2606497:2608420 [0] NCCL INFO Bootstrap : Using enp226s0:10.230.2.192<0>
thetagpu04:2606497:2608420 [0] NCCL INFO NET/Plugin : No plugin found (libnccl-net.so), using internal implementation
thetagpu04:2606497:2608420 [0] NCCL INFO NET/IB : Using [0]mlx5_0:1/IB [1]mlx5_1:1/IB [2]mlx5_2:1/IB [3]mlx5_3:1/IB [4]mlx5_4:1/IB [5]mlx5_5:1/RoCE [6]mlx5_6:1/IB [7]mlx5_7:1/IB [8]mlx5_8:1/IB [9]mlx5_9:1/IB [10]mlx5_10:1/IB [11]mlx5_11:1/RoCE [RO]; OOB enp226s0:10.230.2.192<0>
thetagpu04:2606497:2608420 [0] NCCL INFO Using network IB
NCCL version 2.12.12+cuda11.0
thetagpu04:2606499:2608418 [2] NCCL INFO Bootstrap : Using enp226s0:10.230.2.192<0>
thetagpu04:2606505:2608419 [5] NCCL INFO Bootstrap : Using enp226s0:10.230.2.192<0>
thetagpu04:2606507:2608421 [7] NCCL INFO Bootstrap : Using enp226s0:10.230.2.192<0>
thetagpu04:2606506:2608423 [6] NCCL INFO Bootstrap : Using enp226s0:10.230.2.192<0>
thetagpu04:2606500:2608425 [3] NCCL INFO Bootstrap : Using enp226s0:10.230.2.192<0>
thetagpu04:2606498:2608422 [1] NCCL INFO Bootstrap : Using enp226s0:10.230.2.192<0>
thetagpu04:2606499:2608418 [2] NCCL INFO NET/Plugin : No plugin found (libnccl-net.so), using internal implementation
thetagpu04:2606500:2608425 [3] NCCL INFO NET/Plugin : No plugin found (libnccl-net.so), using internal implementation
thetagpu04:2606505:2608419 [5] NCCL INFO NET/Plugin : No plugin found (libnccl-net.so), using internal implementation
thetagpu04:2606507:2608421 [7] NCCL INFO NET/Plugin : No plugin found (libnccl-net.so), using internal implementation
thetagpu04:2606506:2608423 [6] NCCL INFO NET/Plugin : No plugin found (libnccl-net.so), using internal implementation
thetagpu04:2606498:2608422 [1] NCCL INFO NET/Plugin : No plugin found (libnccl-net.so), using internal implementation
thetagpu04:2606504:2608424 [4] NCCL INFO Bootstrap : Using enp226s0:10.230.2.192<0>
thetagpu04:2606504:2608424 [4] NCCL INFO NET/Plugin : No plugin found (libnccl-net.so), using internal implementation
thetagpu04:2606506:2608423 [6] NCCL INFO NET/IB : Using [0]mlx5_0:1/IB [1]mlx5_1:1/IB [2]mlx5_2:1/IB [3]mlx5_3:1/IB [4]mlx5_4:1/IB [5]mlx5_5:1/RoCE [6]mlx5_6:1/IB [7]mlx5_7:1/IB [8]mlx5_8:1/IB [9]mlx5_9:1/IB [10]mlx5_10:1/IB [11]mlx5_11:1/RoCE [RO]; OOB enp226s0:10.230.2.192<0>
thetagpu04:2606506:2608423 [6] NCCL INFO Using network IB
thetagpu04:2606507:2608421 [7] NCCL INFO NET/IB : Using [0]mlx5_0:1/IB [1]mlx5_1:1/IB [2]mlx5_2:1/IB [3]mlx5_3:1/IB [4]mlx5_4:1/IB [5]mlx5_5:1/RoCE [6]mlx5_6:1/IB [7]mlx5_7:1/IB [8]mlx5_8:1/IB [9]mlx5_9:1/IB [10]mlx5_10:1/IB [11]mlx5_11:1/RoCE [RO]; OOB enp226s0:10.230.2.192<0>
thetagpu04:2606507:2608421 [7] NCCL INFO Using network IB
thetagpu04:2606499:2608418 [2] NCCL INFO NET/IB : Using [0]mlx5_0:1/IB [1]mlx5_1:1/IB [2]mlx5_2:1/IB [3]mlx5_3:1/IB [4]mlx5_4:1/IB [5]mlx5_5:1/RoCE [6]mlx5_6:1/IB [7]mlx5_7:1/IB [8]mlx5_8:1/IB [9]mlx5_9:1/IB [10]mlx5_10:1/IB [11]mlx5_11:1/RoCE [RO]; OOB enp226s0:10.230.2.192<0>
thetagpu04:2606499:2608418 [2] NCCL INFO Using network IB
thetagpu04:2606500:2608425 [3] NCCL INFO NET/IB : Using [0]mlx5_0:1/IB [1]mlx5_1:1/IB [2]mlx5_2:1/IB [3]mlx5_3:1/IB [4]mlx5_4:1/IB [5]mlx5_5:1/RoCE [6]mlx5_6:1/IB [7]mlx5_7:1/IB [8]mlx5_8:1/IB [9]mlx5_9:1/IB [10]mlx5_10:1/IB [11]mlx5_11:1/RoCE [RO]; OOB enp226s0:10.230.2.192<0>
thetagpu04:2606500:2608425 [3] NCCL INFO Using network IB
thetagpu04:2606505:2608419 [5] NCCL INFO NET/IB : Using [0]mlx5_0:1/IB [1]mlx5_1:1/IB [2]mlx5_2:1/IB [3]mlx5_3:1/IB [4]mlx5_4:1/IB [5]mlx5_5:1/RoCE [6]mlx5_6:1/IB [7]mlx5_7:1/IB [8]mlx5_8:1/IB [9]mlx5_9:1/IB [10]mlx5_10:1/IB [11]mlx5_11:1/RoCE [RO]; OOB enp226s0:10.230.2.192<0>
thetagpu04:2606505:2608419 [5] NCCL INFO Using network IB
thetagpu04:2606498:2608422 [1] NCCL INFO NET/IB : Using [0]mlx5_0:1/IB [1]mlx5_1:1/IB [2]mlx5_2:1/IB [3]mlx5_3:1/IB [4]mlx5_4:1/IB [5]mlx5_5:1/RoCE [6]mlx5_6:1/IB [7]mlx5_7:1/IB [8]mlx5_8:1/IB [9]mlx5_9:1/IB [10]mlx5_10:1/IB [11]mlx5_11:1/RoCE [RO]; OOB enp226s0:10.230.2.192<0>
thetagpu04:2606498:2608422 [1] NCCL INFO Using network IB
thetagpu04:2606504:2608424 [4] NCCL INFO NET/IB : Using [0]mlx5_0:1/IB [1]mlx5_1:1/IB [2]mlx5_2:1/IB [3]mlx5_3:1/IB [4]mlx5_4:1/IB [5]mlx5_5:1/RoCE [6]mlx5_6:1/IB [7]mlx5_7:1/IB [8]mlx5_8:1/IB [9]mlx5_9:1/IB [10]mlx5_10:1/IB [11]mlx5_11:1/RoCE [RO]; OOB enp226s0:10.230.2.192<0>
thetagpu04:2606504:2608424 [4] NCCL INFO Using network IB
thetagpu04:2606499:2608418 [2] NCCL INFO Trees [0] 3/-1/-1->2->1 [1] 3/-1/-1->2->1 [2] 3/-1/-1->2->1 [3] 3/-1/-1->2->1 [4] 3/-1/-1->2->1 [5] 3/-1/-1->2->1 [6] 3/-1/-1->2->1 [7] 3/-1/-1->2->1 [8] 3/-1/-1->2->1 [9] 3/-1/-1->2->1 [10] 3/-1/-1->2->1 [11] 3/-1/-1->2->1 [12] 3/-1/-1->2->1 [13] 3/-1/-1->2->1 [14] 3/-1/-1->2->1 [15] 3/-1/-1->2->1 [16] 3/-1/-1->2->1 [17] 3/-1/-1->2->1 [18] 3/-1/-1->2->1 [19] 3/-1/-1->2->1 [20] 3/-1/-1->2->1 [21] 3/-1/-1->2->1 [22] 3/-1/-1->2->1 [23] 3/-1/-1->2->1
thetagpu04:2606497:2608420 [0] NCCL INFO Channel 00/24 :    0   1   2   3   4   5   6   7
thetagpu04:2606497:2608420 [0] NCCL INFO Channel 01/24 :    0   1   2   3   4   5   6   7
thetagpu04:2606497:2608420 [0] NCCL INFO Channel 02/24 :    0   1   2   3   4   5   6   7
thetagpu04:2606497:2608420 [0] NCCL INFO Channel 03/24 :    0   1   2   3   4   5   6   7
thetagpu04:2606497:2608420 [0] NCCL INFO Channel 04/24 :    0   1   2   3   4   5   6   7
thetagpu04:2606497:2608420 [0] NCCL INFO Channel 05/24 :    0   1   2   3   4   5   6   7
thetagpu04:2606497:2608420 [0] NCCL INFO Channel 06/24 :    0   1   2   3   4   5   6   7
thetagpu04:2606497:2608420 [0] NCCL INFO Channel 07/24 :    0   1   2   3   4   5   6   7
thetagpu04:2606497:2608420 [0] NCCL INFO Channel 08/24 :    0   1   2   3   4   5   6   7
thetagpu04:2606497:2608420 [0] NCCL INFO Channel 09/24 :    0   1   2   3   4   5   6   7
thetagpu04:2606497:2608420 [0] NCCL INFO Channel 10/24 :    0   1   2   3   4   5   6   7
thetagpu04:2606497:2608420 [0] NCCL INFO Channel 11/24 :    0   1   2   3   4   5   6   7
thetagpu04:2606497:2608420 [0] NCCL INFO Channel 12/24 :    0   1   2   3   4   5   6   7
thetagpu04:2606500:2608425 [3] NCCL INFO Trees [0] 4/-1/-1->3->2 [1] 4/-1/-1->3->2 [2] 4/-1/-1->3->2 [3] 4/-1/-1->3->2 [4] 4/-1/-1->3->2 [5] 4/-1/-1->3->2 [6] 4/-1/-1->3->2 [7] 4/-1/-1->3->2 [8] 4/-1/-1->3->2 [9] 4/-1/-1->3->2 [10] 4/-1/-1->3->2 [11] 4/-1/-1->3->2 [12] 4/-1/-1->3->2 [13] 4/-1/-1->3->2 [14] 4/-1/-1->3->2 [15] 4/-1/-1->3->2 [16] 4/-1/-1->3->2 [17] 4/-1/-1->3->2 [18] 4/-1/-1->3->2 [19] 4/-1/-1->3->2 [20] 4/-1/-1->3->2 [21] 4/-1/-1->3->2 [22] 4/-1/-1->3->2 [23] 4/-1/-1->3->2
thetagpu04:2606505:2608419 [5] NCCL INFO Trees [0] 6/-1/-1->5->4 [1] 6/-1/-1->5->4 [2] 6/-1/-1->5->4 [3] 6/-1/-1->5->4 [4] 6/-1/-1->5->4 [5] 6/-1/-1->5->4 [6] 6/-1/-1->5->4 [7] 6/-1/-1->5->4 [8] 6/-1/-1->5->4 [9] 6/-1/-1->5->4 [10] 6/-1/-1->5->4 [11] 6/-1/-1->5->4 [12] 6/-1/-1->5->4 [13] 6/-1/-1->5->4 [14] 6/-1/-1->5->4 [15] 6/-1/-1->5->4 [16] 6/-1/-1->5->4 [17] 6/-1/-1->5->4 [18] 6/-1/-1->5->4 [19] 6/-1/-1->5->4 [20] 6/-1/-1->5->4 [21] 6/-1/-1->5->4 [22] 6/-1/-1->5->4 [23] 6/-1/-1->5->4
thetagpu04:2606506:2608423 [6] NCCL INFO Trees [0] 7/-1/-1->6->5 [1] 7/-1/-1->6->5 [2] 7/-1/-1->6->5 [3] 7/-1/-1->6->5 [4] 7/-1/-1->6->5 [5] 7/-1/-1->6->5 [6] 7/-1/-1->6->5 [7] 7/-1/-1->6->5 [8] 7/-1/-1->6->5 [9] 7/-1/-1->6->5 [10] 7/-1/-1->6->5 [11] 7/-1/-1->6->5 [12] 7/-1/-1->6->5 [13] 7/-1/-1->6->5 [14] 7/-1/-1->6->5 [15] 7/-1/-1->6->5 [16] 7/-1/-1->6->5 [17] 7/-1/-1->6->5 [18] 7/-1/-1->6->5 [19] 7/-1/-1->6->5 [20] 7/-1/-1->6->5 [21] 7/-1/-1->6->5 [22] 7/-1/-1->6->5 [23] 7/-1/-1->6->5
thetagpu04:2606504:2608424 [4] NCCL INFO Trees [0] 5/-1/-1->4->3 [1] 5/-1/-1->4->3 [2] 5/-1/-1->4->3 [3] 5/-1/-1->4->3 [4] 5/-1/-1->4->3 [5] 5/-1/-1->4->3 [6] 5/-1/-1->4->3 [7] 5/-1/-1->4->3 [8] 5/-1/-1->4->3 [9] 5/-1/-1->4->3 [10] 5/-1/-1->4->3 [11] 5/-1/-1->4->3 [12] 5/-1/-1->4->3 [13] 5/-1/-1->4->3 [14] 5/-1/-1->4->3 [15] 5/-1/-1->4->3 [16] 5/-1/-1->4->3 [17] 5/-1/-1->4->3 [18] 5/-1/-1->4->3 [19] 5/-1/-1->4->3 [20] 5/-1/-1->4->3 [21] 5/-1/-1->4->3 [22] 5/-1/-1->4->3 [23] 5/-1/-1->4->3
thetagpu04:2606507:2608421 [7] NCCL INFO Trees [0] -1/-1/-1->7->6 [1] -1/-1/-1->7->6 [2] -1/-1/-1->7->6 [3] -1/-1/-1->7->6 [4] -1/-1/-1->7->6 [5] -1/-1/-1->7->6 [6] -1/-1/-1->7->6 [7] -1/-1/-1->7->6 [8] -1/-1/-1->7->6 [9] -1/-1/-1->7->6 [10] -1/-1/-1->7->6 [11] -1/-1/-1->7->6 [12] -1/-1/-1->7->6 [13] -1/-1/-1->7->6 [14] -1/-1/-1->7->6 [15] -1/-1/-1->7->6 [16] -1/-1/-1->7->6 [17] -1/-1/-1->7->6 [18] -1/-1/-1->7->6 [19] -1/-1/-1->7->6 [20] -1/-1/-1->7->6 [21] -1/-1/-1->7->6 [22] -1/-1/-1->7->6 [23] -1/-1/-1->7->6
thetagpu04:2606498:2608422 [1] NCCL INFO Trees [0] 2/-1/-1->1->0 [1] 2/-1/-1->1->0 [2] 2/-1/-1->1->0 [3] 2/-1/-1->1->0 [4] 2/-1/-1->1->0 [5] 2/-1/-1->1->0 [6] 2/-1/-1->1->0 [7] 2/-1/-1->1->0 [8] 2/-1/-1->1->0 [9] 2/-1/-1->1->0 [10] 2/-1/-1->1->0 [11] 2/-1/-1->1->0 [12] 2/-1/-1->1->0 [13] 2/-1/-1->1->0 [14] 2/-1/-1->1->0 [15] 2/-1/-1->1->0 [16] 2/-1/-1->1->0 [17] 2/-1/-1->1->0 [18] 2/-1/-1->1->0 [19] 2/-1/-1->1->0 [20] 2/-1/-1->1->0 [21] 2/-1/-1->1->0 [22] 2/-1/-1->1->0 [23] 2/-1/-1->1->0
thetagpu04:2606497:2608420 [0] NCCL INFO Channel 13/24 :    0   1   2   3   4   5   6   7
thetagpu04:2606497:2608420 [0] NCCL INFO Channel 14/24 :    0   1   2   3   4   5   6   7
thetagpu04:2606497:2608420 [0] NCCL INFO Channel 15/24 :    0   1   2   3   4   5   6   7
thetagpu04:2606497:2608420 [0] NCCL INFO Channel 16/24 :    0   1   2   3   4   5   6   7
thetagpu04:2606497:2608420 [0] NCCL INFO Channel 17/24 :    0   1   2   3   4   5   6   7
thetagpu04:2606497:2608420 [0] NCCL INFO Channel 18/24 :    0   1   2   3   4   5   6   7
thetagpu04:2606497:2608420 [0] NCCL INFO Channel 19/24 :    0   1   2   3   4   5   6   7
thetagpu04:2606497:2608420 [0] NCCL INFO Channel 20/24 :    0   1   2   3   4   5   6   7
thetagpu04:2606497:2608420 [0] NCCL INFO Channel 21/24 :    0   1   2   3   4   5   6   7
thetagpu04:2606497:2608420 [0] NCCL INFO Channel 22/24 :    0   1   2   3   4   5   6   7
thetagpu04:2606497:2608420 [0] NCCL INFO Channel 23/24 :    0   1   2   3   4   5   6   7
thetagpu04:2606497:2608420 [0] NCCL INFO Trees [0] 1/-1/-1->0->-1 [1] 1/-1/-1->0->-1 [2] 1/-1/-1->0->-1 [3] 1/-1/-1->0->-1 [4] 1/-1/-1->0->-1 [5] 1/-1/-1->0->-1 [6] 1/-1/-1->0->-1 [7] 1/-1/-1->0->-1 [8] 1/-1/-1->0->-1 [9] 1/-1/-1->0->-1 [10] 1/-1/-1->0->-1 [11] 1/-1/-1->0->-1 [12] 1/-1/-1->0->-1 [13] 1/-1/-1->0->-1 [14] 1/-1/-1->0->-1 [15] 1/-1/-1->0->-1 [16] 1/-1/-1->0->-1 [17] 1/-1/-1->0->-1 [18] 1/-1/-1->0->-1 [19] 1/-1/-1->0->-1 [20] 1/-1/-1->0->-1 [21] 1/-1/-1->0->-1 [22] 1/-1/-1->0->-1 [23] 1/-1/-1->0->-1
thetagpu04:2606505:2608419 [5] NCCL INFO Channel 00 : 5[90000] -> 6[b7000] via P2P/IPC/read
thetagpu04:2606507:2608421 [7] NCCL INFO Channel 00 : 7[bd000] -> 0[7000] via P2P/IPC/read
thetagpu04:2606500:2608425 [3] NCCL INFO Channel 00 : 3[4e000] -> 4[87000] via P2P/IPC/read
thetagpu04:2606499:2608418 [2] NCCL INFO Channel 00 : 2[47000] -> 3[4e000] via P2P/IPC/read
thetagpu04:2606506:2608423 [6] NCCL INFO Channel 00 : 6[b7000] -> 7[bd000] via P2P/IPC/read
thetagpu04:2606504:2608424 [4] NCCL INFO Channel 00 : 4[87000] -> 5[90000] via P2P/IPC/read
thetagpu04:2606498:2608422 [1] NCCL INFO Channel 00 : 1[f000] -> 2[47000] via P2P/IPC/read
thetagpu04:2606497:2608420 [0] NCCL INFO Channel 00 : 0[7000] -> 1[f000] via P2P/IPC/read
thetagpu04:2606505:2608419 [5] NCCL INFO Channel 01 : 5[90000] -> 6[b7000] via P2P/IPC/read
thetagpu04:2606507:2608421 [7] NCCL INFO Channel 01 : 7[bd000] -> 0[7000] via P2P/IPC/read
thetagpu04:2606500:2608425 [3] NCCL INFO Channel 01 : 3[4e000] -> 4[87000] via P2P/IPC/read
thetagpu04:2606499:2608418 [2] NCCL INFO Channel 01 : 2[47000] -> 3[4e000] via P2P/IPC/read
thetagpu04:2606506:2608423 [6] NCCL INFO Channel 01 : 6[b7000] -> 7[bd000] via P2P/IPC/read
thetagpu04:2606504:2608424 [4] NCCL INFO Channel 01 : 4[87000] -> 5[90000] via P2P/IPC/read
thetagpu04:2606498:2608422 [1] NCCL INFO Channel 01 : 1[f000] -> 2[47000] via P2P/IPC/read
thetagpu04:2606497:2608420 [0] NCCL INFO Channel 01 : 0[7000] -> 1[f000] via P2P/IPC/read
thetagpu04:2606505:2608419 [5] NCCL INFO Channel 02 : 5[90000] -> 6[b7000] via P2P/IPC/read
thetagpu04:2606507:2608421 [7] NCCL INFO Channel 02 : 7[bd000] -> 0[7000] via P2P/IPC/read
thetagpu04:2606500:2608425 [3] NCCL INFO Channel 02 : 3[4e000] -> 4[87000] via P2P/IPC/read
thetagpu04:2606499:2608418 [2] NCCL INFO Channel 02 : 2[47000] -> 3[4e000] via P2P/IPC/read
thetagpu04:2606506:2608423 [6] NCCL INFO Channel 02 : 6[b7000] -> 7[bd000] via P2P/IPC/read
thetagpu04:2606504:2608424 [4] NCCL INFO Channel 02 : 4[87000] -> 5[90000] via P2P/IPC/read
thetagpu04:2606498:2608422 [1] NCCL INFO Channel 02 : 1[f000] -> 2[47000] via P2P/IPC/read
thetagpu04:2606497:2608420 [0] NCCL INFO Channel 02 : 0[7000] -> 1[f000] via P2P/IPC/read
thetagpu04:2606505:2608419 [5] NCCL INFO Channel 03 : 5[90000] -> 6[b7000] via P2P/IPC/read
thetagpu04:2606507:2608421 [7] NCCL INFO Channel 03 : 7[bd000] -> 0[7000] via P2P/IPC/read
thetagpu04:2606500:2608425 [3] NCCL INFO Channel 03 : 3[4e000] -> 4[87000] via P2P/IPC/read
thetagpu04:2606499:2608418 [2] NCCL INFO Channel 03 : 2[47000] -> 3[4e000] via P2P/IPC/read
thetagpu04:2606506:2608423 [6] NCCL INFO Channel 03 : 6[b7000] -> 7[bd000] via P2P/IPC/read
thetagpu04:2606504:2608424 [4] NCCL INFO Channel 03 : 4[87000] -> 5[90000] via P2P/IPC/read
thetagpu04:2606498:2608422 [1] NCCL INFO Channel 03 : 1[f000] -> 2[47000] via P2P/IPC/read
thetagpu04:2606497:2608420 [0] NCCL INFO Channel 03 : 0[7000] -> 1[f000] via P2P/IPC/read
thetagpu04:2606505:2608419 [5] NCCL INFO Channel 04 : 5[90000] -> 6[b7000] via P2P/IPC/read
thetagpu04:2606507:2608421 [7] NCCL INFO Channel 04 : 7[bd000] -> 0[7000] via P2P/IPC/read
thetagpu04:2606500:2608425 [3] NCCL INFO Channel 04 : 3[4e000] -> 4[87000] via P2P/IPC/read
thetagpu04:2606499:2608418 [2] NCCL INFO Channel 04 : 2[47000] -> 3[4e000] via P2P/IPC/read
thetagpu04:2606506:2608423 [6] NCCL INFO Channel 04 : 6[b7000] -> 7[bd000] via P2P/IPC/read
thetagpu04:2606504:2608424 [4] NCCL INFO Channel 04 : 4[87000] -> 5[90000] via P2P/IPC/read
thetagpu04:2606498:2608422 [1] NCCL INFO Channel 04 : 1[f000] -> 2[47000] via P2P/IPC/read
thetagpu04:2606497:2608420 [0] NCCL INFO Channel 04 : 0[7000] -> 1[f000] via P2P/IPC/read
thetagpu04:2606505:2608419 [5] NCCL INFO Channel 05 : 5[90000] -> 6[b7000] via P2P/IPC/read
thetagpu04:2606507:2608421 [7] NCCL INFO Channel 05 : 7[bd000] -> 0[7000] via P2P/IPC/read
thetagpu04:2606500:2608425 [3] NCCL INFO Channel 05 : 3[4e000] -> 4[87000] via P2P/IPC/read
thetagpu04:2606499:2608418 [2] NCCL INFO Channel 05 : 2[47000] -> 3[4e000] via P2P/IPC/read
thetagpu04:2606506:2608423 [6] NCCL INFO Channel 05 : 6[b7000] -> 7[bd000] via P2P/IPC/read
thetagpu04:2606504:2608424 [4] NCCL INFO Channel 05 : 4[87000] -> 5[90000] via P2P/IPC/read
thetagpu04:2606498:2608422 [1] NCCL INFO Channel 05 : 1[f000] -> 2[47000] via P2P/IPC/read
thetagpu04:2606497:2608420 [0] NCCL INFO Channel 05 : 0[7000] -> 1[f000] via P2P/IPC/read
thetagpu04:2606505:2608419 [5] NCCL INFO Channel 06 : 5[90000] -> 6[b7000] via P2P/IPC/read
thetagpu04:2606507:2608421 [7] NCCL INFO Channel 06 : 7[bd000] -> 0[7000] via P2P/IPC/read
thetagpu04:2606500:2608425 [3] NCCL INFO Channel 06 : 3[4e000] -> 4[87000] via P2P/IPC/read
thetagpu04:2606499:2608418 [2] NCCL INFO Channel 06 : 2[47000] -> 3[4e000] via P2P/IPC/read
thetagpu04:2606506:2608423 [6] NCCL INFO Channel 06 : 6[b7000] -> 7[bd000] via P2P/IPC/read
thetagpu04:2606504:2608424 [4] NCCL INFO Channel 06 : 4[87000] -> 5[90000] via P2P/IPC/read
thetagpu04:2606498:2608422 [1] NCCL INFO Channel 06 : 1[f000] -> 2[47000] via P2P/IPC/read
thetagpu04:2606497:2608420 [0] NCCL INFO Channel 06 : 0[7000] -> 1[f000] via P2P/IPC/read
thetagpu04:2606505:2608419 [5] NCCL INFO Channel 07 : 5[90000] -> 6[b7000] via P2P/IPC/read
thetagpu04:2606507:2608421 [7] NCCL INFO Channel 07 : 7[bd000] -> 0[7000] via P2P/IPC/read
thetagpu04:2606500:2608425 [3] NCCL INFO Channel 07 : 3[4e000] -> 4[87000] via P2P/IPC/read
thetagpu04:2606499:2608418 [2] NCCL INFO Channel 07 : 2[47000] -> 3[4e000] via P2P/IPC/read
thetagpu04:2606506:2608423 [6] NCCL INFO Channel 07 : 6[b7000] -> 7[bd000] via P2P/IPC/read
thetagpu04:2606504:2608424 [4] NCCL INFO Channel 07 : 4[87000] -> 5[90000] via P2P/IPC/read
thetagpu04:2606498:2608422 [1] NCCL INFO Channel 07 : 1[f000] -> 2[47000] via P2P/IPC/read
thetagpu04:2606497:2608420 [0] NCCL INFO Channel 07 : 0[7000] -> 1[f000] via P2P/IPC/read
thetagpu04:2606505:2608419 [5] NCCL INFO Channel 08 : 5[90000] -> 6[b7000] via P2P/IPC/read
thetagpu04:2606507:2608421 [7] NCCL INFO Channel 08 : 7[bd000] -> 0[7000] via P2P/IPC/read
thetagpu04:2606500:2608425 [3] NCCL INFO Channel 08 : 3[4e000] -> 4[87000] via P2P/IPC/read
thetagpu04:2606499:2608418 [2] NCCL INFO Channel 08 : 2[47000] -> 3[4e000] via P2P/IPC/read
thetagpu04:2606506:2608423 [6] NCCL INFO Channel 08 : 6[b7000] -> 7[bd000] via P2P/IPC/read
thetagpu04:2606504:2608424 [4] NCCL INFO Channel 08 : 4[87000] -> 5[90000] via P2P/IPC/read
thetagpu04:2606498:2608422 [1] NCCL INFO Channel 08 : 1[f000] -> 2[47000] via P2P/IPC/read
thetagpu04:2606497:2608420 [0] NCCL INFO Channel 08 : 0[7000] -> 1[f000] via P2P/IPC/read
thetagpu04:2606505:2608419 [5] NCCL INFO Channel 09 : 5[90000] -> 6[b7000] via P2P/IPC/read
thetagpu04:2606507:2608421 [7] NCCL INFO Channel 09 : 7[bd000] -> 0[7000] via P2P/IPC/read
thetagpu04:2606500:2608425 [3] NCCL INFO Channel 09 : 3[4e000] -> 4[87000] via P2P/IPC/read
thetagpu04:2606499:2608418 [2] NCCL INFO Channel 09 : 2[47000] -> 3[4e000] via P2P/IPC/read
thetagpu04:2606506:2608423 [6] NCCL INFO Channel 09 : 6[b7000] -> 7[bd000] via P2P/IPC/read
thetagpu04:2606504:2608424 [4] NCCL INFO Channel 09 : 4[87000] -> 5[90000] via P2P/IPC/read
thetagpu04:2606498:2608422 [1] NCCL INFO Channel 09 : 1[f000] -> 2[47000] via P2P/IPC/read
thetagpu04:2606497:2608420 [0] NCCL INFO Channel 09 : 0[7000] -> 1[f000] via P2P/IPC/read
thetagpu04:2606505:2608419 [5] NCCL INFO Channel 10 : 5[90000] -> 6[b7000] via P2P/IPC/read
thetagpu04:2606507:2608421 [7] NCCL INFO Channel 10 : 7[bd000] -> 0[7000] via P2P/IPC/read
thetagpu04:2606500:2608425 [3] NCCL INFO Channel 10 : 3[4e000] -> 4[87000] via P2P/IPC/read
thetagpu04:2606499:2608418 [2] NCCL INFO Channel 10 : 2[47000] -> 3[4e000] via P2P/IPC/read
thetagpu04:2606506:2608423 [6] NCCL INFO Channel 10 : 6[b7000] -> 7[bd000] via P2P/IPC/read
thetagpu04:2606504:2608424 [4] NCCL INFO Channel 10 : 4[87000] -> 5[90000] via P2P/IPC/read
thetagpu04:2606498:2608422 [1] NCCL INFO Channel 10 : 1[f000] -> 2[47000] via P2P/IPC/read
thetagpu04:2606497:2608420 [0] NCCL INFO Channel 10 : 0[7000] -> 1[f000] via P2P/IPC/read
thetagpu04:2606505:2608419 [5] NCCL INFO Channel 11 : 5[90000] -> 6[b7000] via P2P/IPC/read
thetagpu04:2606507:2608421 [7] NCCL INFO Channel 11 : 7[bd000] -> 0[7000] via P2P/IPC/read
thetagpu04:2606500:2608425 [3] NCCL INFO Channel 11 : 3[4e000] -> 4[87000] via P2P/IPC/read
thetagpu04:2606499:2608418 [2] NCCL INFO Channel 11 : 2[47000] -> 3[4e000] via P2P/IPC/read
thetagpu04:2606506:2608423 [6] NCCL INFO Channel 11 : 6[b7000] -> 7[bd000] via P2P/IPC/read
thetagpu04:2606504:2608424 [4] NCCL INFO Channel 11 : 4[87000] -> 5[90000] via P2P/IPC/read
thetagpu04:2606498:2608422 [1] NCCL INFO Channel 11 : 1[f000] -> 2[47000] via P2P/IPC/read
thetagpu04:2606497:2608420 [0] NCCL INFO Channel 11 : 0[7000] -> 1[f000] via P2P/IPC/read
thetagpu04:2606505:2608419 [5] NCCL INFO Channel 12 : 5[90000] -> 6[b7000] via P2P/IPC/read
thetagpu04:2606507:2608421 [7] NCCL INFO Channel 12 : 7[bd000] -> 0[7000] via P2P/IPC/read
thetagpu04:2606500:2608425 [3] NCCL INFO Channel 12 : 3[4e000] -> 4[87000] via P2P/IPC/read
thetagpu04:2606499:2608418 [2] NCCL INFO Channel 12 : 2[47000] -> 3[4e000] via P2P/IPC/read
thetagpu04:2606506:2608423 [6] NCCL INFO Channel 12 : 6[b7000] -> 7[bd000] via P2P/IPC/read
thetagpu04:2606504:2608424 [4] NCCL INFO Channel 12 : 4[87000] -> 5[90000] via P2P/IPC/read
thetagpu04:2606498:2608422 [1] NCCL INFO Channel 12 : 1[f000] -> 2[47000] via P2P/IPC/read
thetagpu04:2606497:2608420 [0] NCCL INFO Channel 12 : 0[7000] -> 1[f000] via P2P/IPC/read
thetagpu04:2606505:2608419 [5] NCCL INFO Channel 13 : 5[90000] -> 6[b7000] via P2P/IPC/read
thetagpu04:2606507:2608421 [7] NCCL INFO Channel 13 : 7[bd000] -> 0[7000] via P2P/IPC/read
thetagpu04:2606500:2608425 [3] NCCL INFO Channel 13 : 3[4e000] -> 4[87000] via P2P/IPC/read
thetagpu04:2606499:2608418 [2] NCCL INFO Channel 13 : 2[47000] -> 3[4e000] via P2P/IPC/read
thetagpu04:2606506:2608423 [6] NCCL INFO Channel 13 : 6[b7000] -> 7[bd000] via P2P/IPC/read
thetagpu04:2606504:2608424 [4] NCCL INFO Channel 13 : 4[87000] -> 5[90000] via P2P/IPC/read
thetagpu04:2606498:2608422 [1] NCCL INFO Channel 13 : 1[f000] -> 2[47000] via P2P/IPC/read
thetagpu04:2606497:2608420 [0] NCCL INFO Channel 13 : 0[7000] -> 1[f000] via P2P/IPC/read
thetagpu04:2606505:2608419 [5] NCCL INFO Channel 14 : 5[90000] -> 6[b7000] via P2P/IPC/read
thetagpu04:2606507:2608421 [7] NCCL INFO Channel 14 : 7[bd000] -> 0[7000] via P2P/IPC/read
thetagpu04:2606500:2608425 [3] NCCL INFO Channel 14 : 3[4e000] -> 4[87000] via P2P/IPC/read
thetagpu04:2606499:2608418 [2] NCCL INFO Channel 14 : 2[47000] -> 3[4e000] via P2P/IPC/read
thetagpu04:2606506:2608423 [6] NCCL INFO Channel 14 : 6[b7000] -> 7[bd000] via P2P/IPC/read
thetagpu04:2606504:2608424 [4] NCCL INFO Channel 14 : 4[87000] -> 5[90000] via P2P/IPC/read
thetagpu04:2606498:2608422 [1] NCCL INFO Channel 14 : 1[f000] -> 2[47000] via P2P/IPC/read
thetagpu04:2606497:2608420 [0] NCCL INFO Channel 14 : 0[7000] -> 1[f000] via P2P/IPC/read
thetagpu04:2606505:2608419 [5] NCCL INFO Channel 15 : 5[90000] -> 6[b7000] via P2P/IPC/read
thetagpu04:2606507:2608421 [7] NCCL INFO Channel 15 : 7[bd000] -> 0[7000] via P2P/IPC/read
thetagpu04:2606500:2608425 [3] NCCL INFO Channel 15 : 3[4e000] -> 4[87000] via P2P/IPC/read
thetagpu04:2606499:2608418 [2] NCCL INFO Channel 15 : 2[47000] -> 3[4e000] via P2P/IPC/read
thetagpu04:2606506:2608423 [6] NCCL INFO Channel 15 : 6[b7000] -> 7[bd000] via P2P/IPC/read
thetagpu04:2606504:2608424 [4] NCCL INFO Channel 15 : 4[87000] -> 5[90000] via P2P/IPC/read
thetagpu04:2606498:2608422 [1] NCCL INFO Channel 15 : 1[f000] -> 2[47000] via P2P/IPC/read
thetagpu04:2606497:2608420 [0] NCCL INFO Channel 15 : 0[7000] -> 1[f000] via P2P/IPC/read
thetagpu04:2606505:2608419 [5] NCCL INFO Channel 16 : 5[90000] -> 6[b7000] via P2P/IPC/read
thetagpu04:2606507:2608421 [7] NCCL INFO Channel 16 : 7[bd000] -> 0[7000] via P2P/IPC/read
thetagpu04:2606500:2608425 [3] NCCL INFO Channel 16 : 3[4e000] -> 4[87000] via P2P/IPC/read
thetagpu04:2606499:2608418 [2] NCCL INFO Channel 16 : 2[47000] -> 3[4e000] via P2P/IPC/read
thetagpu04:2606506:2608423 [6] NCCL INFO Channel 16 : 6[b7000] -> 7[bd000] via P2P/IPC/read
thetagpu04:2606504:2608424 [4] NCCL INFO Channel 16 : 4[87000] -> 5[90000] via P2P/IPC/read
thetagpu04:2606498:2608422 [1] NCCL INFO Channel 16 : 1[f000] -> 2[47000] via P2P/IPC/read
thetagpu04:2606497:2608420 [0] NCCL INFO Channel 16 : 0[7000] -> 1[f000] via P2P/IPC/read
thetagpu04:2606505:2608419 [5] NCCL INFO Channel 17 : 5[90000] -> 6[b7000] via P2P/IPC/read
thetagpu04:2606507:2608421 [7] NCCL INFO Channel 17 : 7[bd000] -> 0[7000] via P2P/IPC/read
thetagpu04:2606500:2608425 [3] NCCL INFO Channel 17 : 3[4e000] -> 4[87000] via P2P/IPC/read
thetagpu04:2606499:2608418 [2] NCCL INFO Channel 17 : 2[47000] -> 3[4e000] via P2P/IPC/read
thetagpu04:2606506:2608423 [6] NCCL INFO Channel 17 : 6[b7000] -> 7[bd000] via P2P/IPC/read
thetagpu04:2606504:2608424 [4] NCCL INFO Channel 17 : 4[87000] -> 5[90000] via P2P/IPC/read
thetagpu04:2606498:2608422 [1] NCCL INFO Channel 17 : 1[f000] -> 2[47000] via P2P/IPC/read
thetagpu04:2606497:2608420 [0] NCCL INFO Channel 17 : 0[7000] -> 1[f000] via P2P/IPC/read
thetagpu04:2606505:2608419 [5] NCCL INFO Channel 18 : 5[90000] -> 6[b7000] via P2P/IPC/read
thetagpu04:2606507:2608421 [7] NCCL INFO Channel 18 : 7[bd000] -> 0[7000] via P2P/IPC/read
thetagpu04:2606500:2608425 [3] NCCL INFO Channel 18 : 3[4e000] -> 4[87000] via P2P/IPC/read
thetagpu04:2606499:2608418 [2] NCCL INFO Channel 18 : 2[47000] -> 3[4e000] via P2P/IPC/read
thetagpu04:2606506:2608423 [6] NCCL INFO Channel 18 : 6[b7000] -> 7[bd000] via P2P/IPC/read
thetagpu04:2606504:2608424 [4] NCCL INFO Channel 18 : 4[87000] -> 5[90000] via P2P/IPC/read
thetagpu04:2606498:2608422 [1] NCCL INFO Channel 18 : 1[f000] -> 2[47000] via P2P/IPC/read
thetagpu04:2606497:2608420 [0] NCCL INFO Channel 18 : 0[7000] -> 1[f000] via P2P/IPC/read
thetagpu04:2606505:2608419 [5] NCCL INFO Channel 19 : 5[90000] -> 6[b7000] via P2P/IPC/read
thetagpu04:2606507:2608421 [7] NCCL INFO Channel 19 : 7[bd000] -> 0[7000] via P2P/IPC/read
thetagpu04:2606500:2608425 [3] NCCL INFO Channel 19 : 3[4e000] -> 4[87000] via P2P/IPC/read
thetagpu04:2606499:2608418 [2] NCCL INFO Channel 19 : 2[47000] -> 3[4e000] via P2P/IPC/read
thetagpu04:2606506:2608423 [6] NCCL INFO Channel 19 : 6[b7000] -> 7[bd000] via P2P/IPC/read
thetagpu04:2606504:2608424 [4] NCCL INFO Channel 19 : 4[87000] -> 5[90000] via P2P/IPC/read
thetagpu04:2606498:2608422 [1] NCCL INFO Channel 19 : 1[f000] -> 2[47000] via P2P/IPC/read
thetagpu04:2606497:2608420 [0] NCCL INFO Channel 19 : 0[7000] -> 1[f000] via P2P/IPC/read
thetagpu04:2606505:2608419 [5] NCCL INFO Channel 20 : 5[90000] -> 6[b7000] via P2P/IPC/read
thetagpu04:2606507:2608421 [7] NCCL INFO Channel 20 : 7[bd000] -> 0[7000] via P2P/IPC/read
thetagpu04:2606500:2608425 [3] NCCL INFO Channel 20 : 3[4e000] -> 4[87000] via P2P/IPC/read
thetagpu04:2606499:2608418 [2] NCCL INFO Channel 20 : 2[47000] -> 3[4e000] via P2P/IPC/read
thetagpu04:2606506:2608423 [6] NCCL INFO Channel 20 : 6[b7000] -> 7[bd000] via P2P/IPC/read
thetagpu04:2606504:2608424 [4] NCCL INFO Channel 20 : 4[87000] -> 5[90000] via P2P/IPC/read
thetagpu04:2606498:2608422 [1] NCCL INFO Channel 20 : 1[f000] -> 2[47000] via P2P/IPC/read
thetagpu04:2606497:2608420 [0] NCCL INFO Channel 20 : 0[7000] -> 1[f000] via P2P/IPC/read
thetagpu04:2606505:2608419 [5] NCCL INFO Channel 21 : 5[90000] -> 6[b7000] via P2P/IPC/read
thetagpu04:2606507:2608421 [7] NCCL INFO Channel 21 : 7[bd000] -> 0[7000] via P2P/IPC/read
thetagpu04:2606500:2608425 [3] NCCL INFO Channel 21 : 3[4e000] -> 4[87000] via P2P/IPC/read
thetagpu04:2606499:2608418 [2] NCCL INFO Channel 21 : 2[47000] -> 3[4e000] via P2P/IPC/read
thetagpu04:2606506:2608423 [6] NCCL INFO Channel 21 : 6[b7000] -> 7[bd000] via P2P/IPC/read
thetagpu04:2606504:2608424 [4] NCCL INFO Channel 21 : 4[87000] -> 5[90000] via P2P/IPC/read
thetagpu04:2606498:2608422 [1] NCCL INFO Channel 21 : 1[f000] -> 2[47000] via P2P/IPC/read
thetagpu04:2606497:2608420 [0] NCCL INFO Channel 21 : 0[7000] -> 1[f000] via P2P/IPC/read
thetagpu04:2606505:2608419 [5] NCCL INFO Channel 22 : 5[90000] -> 6[b7000] via P2P/IPC/read
thetagpu04:2606507:2608421 [7] NCCL INFO Channel 22 : 7[bd000] -> 0[7000] via P2P/IPC/read
thetagpu04:2606500:2608425 [3] NCCL INFO Channel 22 : 3[4e000] -> 4[87000] via P2P/IPC/read
thetagpu04:2606499:2608418 [2] NCCL INFO Channel 22 : 2[47000] -> 3[4e000] via P2P/IPC/read
thetagpu04:2606506:2608423 [6] NCCL INFO Channel 22 : 6[b7000] -> 7[bd000] via P2P/IPC/read
thetagpu04:2606504:2608424 [4] NCCL INFO Channel 22 : 4[87000] -> 5[90000] via P2P/IPC/read
thetagpu04:2606498:2608422 [1] NCCL INFO Channel 22 : 1[f000] -> 2[47000] via P2P/IPC/read
thetagpu04:2606497:2608420 [0] NCCL INFO Channel 22 : 0[7000] -> 1[f000] via P2P/IPC/read
thetagpu04:2606505:2608419 [5] NCCL INFO Channel 23 : 5[90000] -> 6[b7000] via P2P/IPC/read
thetagpu04:2606507:2608421 [7] NCCL INFO Channel 23 : 7[bd000] -> 0[7000] via P2P/IPC/read
thetagpu04:2606500:2608425 [3] NCCL INFO Channel 23 : 3[4e000] -> 4[87000] via P2P/IPC/read
thetagpu04:2606499:2608418 [2] NCCL INFO Channel 23 : 2[47000] -> 3[4e000] via P2P/IPC/read
thetagpu04:2606506:2608423 [6] NCCL INFO Channel 23 : 6[b7000] -> 7[bd000] via P2P/IPC/read
thetagpu04:2606504:2608424 [4] NCCL INFO Channel 23 : 4[87000] -> 5[90000] via P2P/IPC/read
thetagpu04:2606498:2608422 [1] NCCL INFO Channel 23 : 1[f000] -> 2[47000] via P2P/IPC/read
thetagpu04:2606497:2608420 [0] NCCL INFO Channel 23 : 0[7000] -> 1[f000] via P2P/IPC/read
thetagpu04:2606500:2608425 [3] NCCL INFO Connected all rings
thetagpu04:2606506:2608423 [6] NCCL INFO Connected all rings
thetagpu04:2606505:2608419 [5] NCCL INFO Connected all rings
thetagpu04:2606504:2608424 [4] NCCL INFO Connected all rings
thetagpu04:2606499:2608418 [2] NCCL INFO Connected all rings
thetagpu04:2606507:2608421 [7] NCCL INFO Connected all rings
thetagpu04:2606507:2608421 [7] NCCL INFO Channel 00 : 7[bd000] -> 6[b7000] via P2P/IPC/read
thetagpu04:2606498:2608422 [1] NCCL INFO Connected all rings
thetagpu04:2606497:2608420 [0] NCCL INFO Connected all rings
thetagpu04:2606507:2608421 [7] NCCL INFO Channel 01 : 7[bd000] -> 6[b7000] via P2P/IPC/read
thetagpu04:2606507:2608421 [7] NCCL INFO Channel 02 : 7[bd000] -> 6[b7000] via P2P/IPC/read
thetagpu04:2606507:2608421 [7] NCCL INFO Channel 03 : 7[bd000] -> 6[b7000] via P2P/IPC/read
thetagpu04:2606507:2608421 [7] NCCL INFO Channel 04 : 7[bd000] -> 6[b7000] via P2P/IPC/read
thetagpu04:2606507:2608421 [7] NCCL INFO Channel 05 : 7[bd000] -> 6[b7000] via P2P/IPC/read
thetagpu04:2606507:2608421 [7] NCCL INFO Channel 06 : 7[bd000] -> 6[b7000] via P2P/IPC/read
thetagpu04:2606507:2608421 [7] NCCL INFO Channel 07 : 7[bd000] -> 6[b7000] via P2P/IPC/read
thetagpu04:2606507:2608421 [7] NCCL INFO Channel 08 : 7[bd000] -> 6[b7000] via P2P/IPC/read
thetagpu04:2606507:2608421 [7] NCCL INFO Channel 09 : 7[bd000] -> 6[b7000] via P2P/IPC/read
thetagpu04:2606507:2608421 [7] NCCL INFO Channel 10 : 7[bd000] -> 6[b7000] via P2P/IPC/read
thetagpu04:2606507:2608421 [7] NCCL INFO Channel 11 : 7[bd000] -> 6[b7000] via P2P/IPC/read
thetagpu04:2606507:2608421 [7] NCCL INFO Channel 12 : 7[bd000] -> 6[b7000] via P2P/IPC/read
thetagpu04:2606507:2608421 [7] NCCL INFO Channel 13 : 7[bd000] -> 6[b7000] via P2P/IPC/read
thetagpu04:2606507:2608421 [7] NCCL INFO Channel 14 : 7[bd000] -> 6[b7000] via P2P/IPC/read
thetagpu04:2606507:2608421 [7] NCCL INFO Channel 15 : 7[bd000] -> 6[b7000] via P2P/IPC/read
thetagpu04:2606507:2608421 [7] NCCL INFO Channel 16 : 7[bd000] -> 6[b7000] via P2P/IPC/read
thetagpu04:2606507:2608421 [7] NCCL INFO Channel 17 : 7[bd000] -> 6[b7000] via P2P/IPC/read
thetagpu04:2606507:2608421 [7] NCCL INFO Channel 18 : 7[bd000] -> 6[b7000] via P2P/IPC/read
thetagpu04:2606507:2608421 [7] NCCL INFO Channel 19 : 7[bd000] -> 6[b7000] via P2P/IPC/read
thetagpu04:2606507:2608421 [7] NCCL INFO Channel 20 : 7[bd000] -> 6[b7000] via P2P/IPC/read
thetagpu04:2606507:2608421 [7] NCCL INFO Channel 21 : 7[bd000] -> 6[b7000] via P2P/IPC/read
thetagpu04:2606507:2608421 [7] NCCL INFO Channel 22 : 7[bd000] -> 6[b7000] via P2P/IPC/read
thetagpu04:2606507:2608421 [7] NCCL INFO Channel 23 : 7[bd000] -> 6[b7000] via P2P/IPC/read
thetagpu04:2606500:2608425 [3] NCCL INFO Channel 00 : 3[4e000] -> 2[47000] via P2P/IPC/read
thetagpu04:2606505:2608419 [5] NCCL INFO Channel 00 : 5[90000] -> 4[87000] via P2P/IPC/read
thetagpu04:2606506:2608423 [6] NCCL INFO Channel 00 : 6[b7000] -> 5[90000] via P2P/IPC/read
thetagpu04:2606504:2608424 [4] NCCL INFO Channel 00 : 4[87000] -> 3[4e000] via P2P/IPC/read
thetagpu04:2606499:2608418 [2] NCCL INFO Channel 00 : 2[47000] -> 1[f000] via P2P/IPC/read
thetagpu04:2606498:2608422 [1] NCCL INFO Channel 00 : 1[f000] -> 0[7000] via P2P/IPC/read
thetagpu04:2606500:2608425 [3] NCCL INFO Channel 01 : 3[4e000] -> 2[47000] via P2P/IPC/read
thetagpu04:2606504:2608424 [4] NCCL INFO Channel 01 : 4[87000] -> 3[4e000] via P2P/IPC/read
thetagpu04:2606505:2608419 [5] NCCL INFO Channel 01 : 5[90000] -> 4[87000] via P2P/IPC/read
thetagpu04:2606506:2608423 [6] NCCL INFO Channel 01 : 6[b7000] -> 5[90000] via P2P/IPC/read
thetagpu04:2606499:2608418 [2] NCCL INFO Channel 01 : 2[47000] -> 1[f000] via P2P/IPC/read
thetagpu04:2606498:2608422 [1] NCCL INFO Channel 01 : 1[f000] -> 0[7000] via P2P/IPC/read
thetagpu04:2606500:2608425 [3] NCCL INFO Channel 02 : 3[4e000] -> 2[47000] via P2P/IPC/read
thetagpu04:2606504:2608424 [4] NCCL INFO Channel 02 : 4[87000] -> 3[4e000] via P2P/IPC/read
thetagpu04:2606505:2608419 [5] NCCL INFO Channel 02 : 5[90000] -> 4[87000] via P2P/IPC/read
thetagpu04:2606506:2608423 [6] NCCL INFO Channel 02 : 6[b7000] -> 5[90000] via P2P/IPC/read
thetagpu04:2606499:2608418 [2] NCCL INFO Channel 02 : 2[47000] -> 1[f000] via P2P/IPC/read
thetagpu04:2606498:2608422 [1] NCCL INFO Channel 02 : 1[f000] -> 0[7000] via P2P/IPC/read
thetagpu04:2606500:2608425 [3] NCCL INFO Channel 03 : 3[4e000] -> 2[47000] via P2P/IPC/read
thetagpu04:2606505:2608419 [5] NCCL INFO Channel 03 : 5[90000] -> 4[87000] via P2P/IPC/read
thetagpu04:2606504:2608424 [4] NCCL INFO Channel 03 : 4[87000] -> 3[4e000] via P2P/IPC/read
thetagpu04:2606506:2608423 [6] NCCL INFO Channel 03 : 6[b7000] -> 5[90000] via P2P/IPC/read
thetagpu04:2606499:2608418 [2] NCCL INFO Channel 03 : 2[47000] -> 1[f000] via P2P/IPC/read
thetagpu04:2606498:2608422 [1] NCCL INFO Channel 03 : 1[f000] -> 0[7000] via P2P/IPC/read
thetagpu04:2606500:2608425 [3] NCCL INFO Channel 04 : 3[4e000] -> 2[47000] via P2P/IPC/read
thetagpu04:2606505:2608419 [5] NCCL INFO Channel 04 : 5[90000] -> 4[87000] via P2P/IPC/read
thetagpu04:2606504:2608424 [4] NCCL INFO Channel 04 : 4[87000] -> 3[4e000] via P2P/IPC/read
thetagpu04:2606506:2608423 [6] NCCL INFO Channel 04 : 6[b7000] -> 5[90000] via P2P/IPC/read
thetagpu04:2606499:2608418 [2] NCCL INFO Channel 04 : 2[47000] -> 1[f000] via P2P/IPC/read
thetagpu04:2606498:2608422 [1] NCCL INFO Channel 04 : 1[f000] -> 0[7000] via P2P/IPC/read
thetagpu04:2606500:2608425 [3] NCCL INFO Channel 05 : 3[4e000] -> 2[47000] via P2P/IPC/read
thetagpu04:2606505:2608419 [5] NCCL INFO Channel 05 : 5[90000] -> 4[87000] via P2P/IPC/read
thetagpu04:2606504:2608424 [4] NCCL INFO Channel 05 : 4[87000] -> 3[4e000] via P2P/IPC/read
thetagpu04:2606506:2608423 [6] NCCL INFO Channel 05 : 6[b7000] -> 5[90000] via P2P/IPC/read
thetagpu04:2606499:2608418 [2] NCCL INFO Channel 05 : 2[47000] -> 1[f000] via P2P/IPC/read
thetagpu04:2606498:2608422 [1] NCCL INFO Channel 05 : 1[f000] -> 0[7000] via P2P/IPC/read
thetagpu04:2606500:2608425 [3] NCCL INFO Channel 06 : 3[4e000] -> 2[47000] via P2P/IPC/read
thetagpu04:2606505:2608419 [5] NCCL INFO Channel 06 : 5[90000] -> 4[87000] via P2P/IPC/read
thetagpu04:2606504:2608424 [4] NCCL INFO Channel 06 : 4[87000] -> 3[4e000] via P2P/IPC/read
thetagpu04:2606506:2608423 [6] NCCL INFO Channel 06 : 6[b7000] -> 5[90000] via P2P/IPC/read
thetagpu04:2606499:2608418 [2] NCCL INFO Channel 06 : 2[47000] -> 1[f000] via P2P/IPC/read
thetagpu04:2606498:2608422 [1] NCCL INFO Channel 06 : 1[f000] -> 0[7000] via P2P/IPC/read
thetagpu04:2606500:2608425 [3] NCCL INFO Channel 07 : 3[4e000] -> 2[47000] via P2P/IPC/read
thetagpu04:2606505:2608419 [5] NCCL INFO Channel 07 : 5[90000] -> 4[87000] via P2P/IPC/read
thetagpu04:2606504:2608424 [4] NCCL INFO Channel 07 : 4[87000] -> 3[4e000] via P2P/IPC/read
thetagpu04:2606506:2608423 [6] NCCL INFO Channel 07 : 6[b7000] -> 5[90000] via P2P/IPC/read
thetagpu04:2606499:2608418 [2] NCCL INFO Channel 07 : 2[47000] -> 1[f000] via P2P/IPC/read
thetagpu04:2606498:2608422 [1] NCCL INFO Channel 07 : 1[f000] -> 0[7000] via P2P/IPC/read
thetagpu04:2606500:2608425 [3] NCCL INFO Channel 08 : 3[4e000] -> 2[47000] via P2P/IPC/read
thetagpu04:2606504:2608424 [4] NCCL INFO Channel 08 : 4[87000] -> 3[4e000] via P2P/IPC/read
thetagpu04:2606505:2608419 [5] NCCL INFO Channel 08 : 5[90000] -> 4[87000] via P2P/IPC/read
thetagpu04:2606506:2608423 [6] NCCL INFO Channel 08 : 6[b7000] -> 5[90000] via P2P/IPC/read
thetagpu04:2606499:2608418 [2] NCCL INFO Channel 08 : 2[47000] -> 1[f000] via P2P/IPC/read
thetagpu04:2606498:2608422 [1] NCCL INFO Channel 08 : 1[f000] -> 0[7000] via P2P/IPC/read
thetagpu04:2606500:2608425 [3] NCCL INFO Channel 09 : 3[4e000] -> 2[47000] via P2P/IPC/read
thetagpu04:2606505:2608419 [5] NCCL INFO Channel 09 : 5[90000] -> 4[87000] via P2P/IPC/read
thetagpu04:2606504:2608424 [4] NCCL INFO Channel 09 : 4[87000] -> 3[4e000] via P2P/IPC/read
thetagpu04:2606506:2608423 [6] NCCL INFO Channel 09 : 6[b7000] -> 5[90000] via P2P/IPC/read
thetagpu04:2606499:2608418 [2] NCCL INFO Channel 09 : 2[47000] -> 1[f000] via P2P/IPC/read
thetagpu04:2606498:2608422 [1] NCCL INFO Channel 09 : 1[f000] -> 0[7000] via P2P/IPC/read
thetagpu04:2606500:2608425 [3] NCCL INFO Channel 10 : 3[4e000] -> 2[47000] via P2P/IPC/read
thetagpu04:2606505:2608419 [5] NCCL INFO Channel 10 : 5[90000] -> 4[87000] via P2P/IPC/read
thetagpu04:2606504:2608424 [4] NCCL INFO Channel 10 : 4[87000] -> 3[4e000] via P2P/IPC/read
thetagpu04:2606506:2608423 [6] NCCL INFO Channel 10 : 6[b7000] -> 5[90000] via P2P/IPC/read
thetagpu04:2606499:2608418 [2] NCCL INFO Channel 10 : 2[47000] -> 1[f000] via P2P/IPC/read
thetagpu04:2606498:2608422 [1] NCCL INFO Channel 10 : 1[f000] -> 0[7000] via P2P/IPC/read
thetagpu04:2606500:2608425 [3] NCCL INFO Channel 11 : 3[4e000] -> 2[47000] via P2P/IPC/read
thetagpu04:2606505:2608419 [5] NCCL INFO Channel 11 : 5[90000] -> 4[87000] via P2P/IPC/read
thetagpu04:2606504:2608424 [4] NCCL INFO Channel 11 : 4[87000] -> 3[4e000] via P2P/IPC/read
thetagpu04:2606506:2608423 [6] NCCL INFO Channel 11 : 6[b7000] -> 5[90000] via P2P/IPC/read
thetagpu04:2606499:2608418 [2] NCCL INFO Channel 11 : 2[47000] -> 1[f000] via P2P/IPC/read
thetagpu04:2606498:2608422 [1] NCCL INFO Channel 11 : 1[f000] -> 0[7000] via P2P/IPC/read
thetagpu04:2606500:2608425 [3] NCCL INFO Channel 12 : 3[4e000] -> 2[47000] via P2P/IPC/read
thetagpu04:2606505:2608419 [5] NCCL INFO Channel 12 : 5[90000] -> 4[87000] via P2P/IPC/read
thetagpu04:2606504:2608424 [4] NCCL INFO Channel 12 : 4[87000] -> 3[4e000] via P2P/IPC/read
thetagpu04:2606506:2608423 [6] NCCL INFO Channel 12 : 6[b7000] -> 5[90000] via P2P/IPC/read
thetagpu04:2606499:2608418 [2] NCCL INFO Channel 12 : 2[47000] -> 1[f000] via P2P/IPC/read
thetagpu04:2606498:2608422 [1] NCCL INFO Channel 12 : 1[f000] -> 0[7000] via P2P/IPC/read
thetagpu04:2606500:2608425 [3] NCCL INFO Channel 13 : 3[4e000] -> 2[47000] via P2P/IPC/read
thetagpu04:2606504:2608424 [4] NCCL INFO Channel 13 : 4[87000] -> 3[4e000] via P2P/IPC/read
thetagpu04:2606505:2608419 [5] NCCL INFO Channel 13 : 5[90000] -> 4[87000] via P2P/IPC/read
thetagpu04:2606506:2608423 [6] NCCL INFO Channel 13 : 6[b7000] -> 5[90000] via P2P/IPC/read
thetagpu04:2606499:2608418 [2] NCCL INFO Channel 13 : 2[47000] -> 1[f000] via P2P/IPC/read
thetagpu04:2606498:2608422 [1] NCCL INFO Channel 13 : 1[f000] -> 0[7000] via P2P/IPC/read
thetagpu04:2606500:2608425 [3] NCCL INFO Channel 14 : 3[4e000] -> 2[47000] via P2P/IPC/read
thetagpu04:2606504:2608424 [4] NCCL INFO Channel 14 : 4[87000] -> 3[4e000] via P2P/IPC/read
thetagpu04:2606505:2608419 [5] NCCL INFO Channel 14 : 5[90000] -> 4[87000] via P2P/IPC/read
thetagpu04:2606506:2608423 [6] NCCL INFO Channel 14 : 6[b7000] -> 5[90000] via P2P/IPC/read
thetagpu04:2606499:2608418 [2] NCCL INFO Channel 14 : 2[47000] -> 1[f000] via P2P/IPC/read
thetagpu04:2606498:2608422 [1] NCCL INFO Channel 14 : 1[f000] -> 0[7000] via P2P/IPC/read
thetagpu04:2606500:2608425 [3] NCCL INFO Channel 15 : 3[4e000] -> 2[47000] via P2P/IPC/read
thetagpu04:2606504:2608424 [4] NCCL INFO Channel 15 : 4[87000] -> 3[4e000] via P2P/IPC/read
thetagpu04:2606505:2608419 [5] NCCL INFO Channel 15 : 5[90000] -> 4[87000] via P2P/IPC/read
thetagpu04:2606506:2608423 [6] NCCL INFO Channel 15 : 6[b7000] -> 5[90000] via P2P/IPC/read
thetagpu04:2606499:2608418 [2] NCCL INFO Channel 15 : 2[47000] -> 1[f000] via P2P/IPC/read
thetagpu04:2606498:2608422 [1] NCCL INFO Channel 15 : 1[f000] -> 0[7000] via P2P/IPC/read
thetagpu04:2606500:2608425 [3] NCCL INFO Channel 16 : 3[4e000] -> 2[47000] via P2P/IPC/read
thetagpu04:2606504:2608424 [4] NCCL INFO Channel 16 : 4[87000] -> 3[4e000] via P2P/IPC/read
thetagpu04:2606505:2608419 [5] NCCL INFO Channel 16 : 5[90000] -> 4[87000] via P2P/IPC/read
thetagpu04:2606506:2608423 [6] NCCL INFO Channel 16 : 6[b7000] -> 5[90000] via P2P/IPC/read
thetagpu04:2606499:2608418 [2] NCCL INFO Channel 16 : 2[47000] -> 1[f000] via P2P/IPC/read
thetagpu04:2606498:2608422 [1] NCCL INFO Channel 16 : 1[f000] -> 0[7000] via P2P/IPC/read
thetagpu04:2606500:2608425 [3] NCCL INFO Channel 17 : 3[4e000] -> 2[47000] via P2P/IPC/read
thetagpu04:2606505:2608419 [5] NCCL INFO Channel 17 : 5[90000] -> 4[87000] via P2P/IPC/read
thetagpu04:2606504:2608424 [4] NCCL INFO Channel 17 : 4[87000] -> 3[4e000] via P2P/IPC/read
thetagpu04:2606506:2608423 [6] NCCL INFO Channel 17 : 6[b7000] -> 5[90000] via P2P/IPC/read
thetagpu04:2606499:2608418 [2] NCCL INFO Channel 17 : 2[47000] -> 1[f000] via P2P/IPC/read
thetagpu04:2606498:2608422 [1] NCCL INFO Channel 17 : 1[f000] -> 0[7000] via P2P/IPC/read
thetagpu04:2606500:2608425 [3] NCCL INFO Channel 18 : 3[4e000] -> 2[47000] via P2P/IPC/read
thetagpu04:2606505:2608419 [5] NCCL INFO Channel 18 : 5[90000] -> 4[87000] via P2P/IPC/read
thetagpu04:2606504:2608424 [4] NCCL INFO Channel 18 : 4[87000] -> 3[4e000] via P2P/IPC/read
thetagpu04:2606506:2608423 [6] NCCL INFO Channel 18 : 6[b7000] -> 5[90000] via P2P/IPC/read
thetagpu04:2606499:2608418 [2] NCCL INFO Channel 18 : 2[47000] -> 1[f000] via P2P/IPC/read
thetagpu04:2606498:2608422 [1] NCCL INFO Channel 18 : 1[f000] -> 0[7000] via P2P/IPC/read
thetagpu04:2606500:2608425 [3] NCCL INFO Channel 19 : 3[4e000] -> 2[47000] via P2P/IPC/read
thetagpu04:2606504:2608424 [4] NCCL INFO Channel 19 : 4[87000] -> 3[4e000] via P2P/IPC/read
thetagpu04:2606505:2608419 [5] NCCL INFO Channel 19 : 5[90000] -> 4[87000] via P2P/IPC/read
thetagpu04:2606506:2608423 [6] NCCL INFO Channel 19 : 6[b7000] -> 5[90000] via P2P/IPC/read
thetagpu04:2606499:2608418 [2] NCCL INFO Channel 19 : 2[47000] -> 1[f000] via P2P/IPC/read
thetagpu04:2606498:2608422 [1] NCCL INFO Channel 19 : 1[f000] -> 0[7000] via P2P/IPC/read
thetagpu04:2606500:2608425 [3] NCCL INFO Channel 20 : 3[4e000] -> 2[47000] via P2P/IPC/read
thetagpu04:2606505:2608419 [5] NCCL INFO Channel 20 : 5[90000] -> 4[87000] via P2P/IPC/read
thetagpu04:2606504:2608424 [4] NCCL INFO Channel 20 : 4[87000] -> 3[4e000] via P2P/IPC/read
thetagpu04:2606506:2608423 [6] NCCL INFO Channel 20 : 6[b7000] -> 5[90000] via P2P/IPC/read
thetagpu04:2606499:2608418 [2] NCCL INFO Channel 20 : 2[47000] -> 1[f000] via P2P/IPC/read
thetagpu04:2606498:2608422 [1] NCCL INFO Channel 20 : 1[f000] -> 0[7000] via P2P/IPC/read
thetagpu04:2606500:2608425 [3] NCCL INFO Channel 21 : 3[4e000] -> 2[47000] via P2P/IPC/read
thetagpu04:2606504:2608424 [4] NCCL INFO Channel 21 : 4[87000] -> 3[4e000] via P2P/IPC/read
thetagpu04:2606505:2608419 [5] NCCL INFO Channel 21 : 5[90000] -> 4[87000] via P2P/IPC/read
thetagpu04:2606506:2608423 [6] NCCL INFO Channel 21 : 6[b7000] -> 5[90000] via P2P/IPC/read
thetagpu04:2606499:2608418 [2] NCCL INFO Channel 21 : 2[47000] -> 1[f000] via P2P/IPC/read
thetagpu04:2606498:2608422 [1] NCCL INFO Channel 21 : 1[f000] -> 0[7000] via P2P/IPC/read
thetagpu04:2606500:2608425 [3] NCCL INFO Channel 22 : 3[4e000] -> 2[47000] via P2P/IPC/read
thetagpu04:2606505:2608419 [5] NCCL INFO Channel 22 : 5[90000] -> 4[87000] via P2P/IPC/read
thetagpu04:2606504:2608424 [4] NCCL INFO Channel 22 : 4[87000] -> 3[4e000] via P2P/IPC/read
thetagpu04:2606506:2608423 [6] NCCL INFO Channel 22 : 6[b7000] -> 5[90000] via P2P/IPC/read
thetagpu04:2606499:2608418 [2] NCCL INFO Channel 22 : 2[47000] -> 1[f000] via P2P/IPC/read
thetagpu04:2606498:2608422 [1] NCCL INFO Channel 22 : 1[f000] -> 0[7000] via P2P/IPC/read
thetagpu04:2606500:2608425 [3] NCCL INFO Channel 23 : 3[4e000] -> 2[47000] via P2P/IPC/read
thetagpu04:2606505:2608419 [5] NCCL INFO Channel 23 : 5[90000] -> 4[87000] via P2P/IPC/read
thetagpu04:2606504:2608424 [4] NCCL INFO Channel 23 : 4[87000] -> 3[4e000] via P2P/IPC/read
thetagpu04:2606506:2608423 [6] NCCL INFO Channel 23 : 6[b7000] -> 5[90000] via P2P/IPC/read
thetagpu04:2606499:2608418 [2] NCCL INFO Channel 23 : 2[47000] -> 1[f000] via P2P/IPC/read
thetagpu04:2606498:2608422 [1] NCCL INFO Channel 23 : 1[f000] -> 0[7000] via P2P/IPC/read
thetagpu04:2606507:2608421 [7] NCCL INFO Connected all trees
thetagpu04:2606507:2608421 [7] NCCL INFO threadThresholds 8/8/64 | 64/8/64 | 8/8/512
thetagpu04:2606497:2608420 [0] NCCL INFO Connected all trees
thetagpu04:2606497:2608420 [0] NCCL INFO threadThresholds 8/8/64 | 64/8/64 | 8/8/512
thetagpu04:2606507:2608421 [7] NCCL INFO 24 coll channels, 32 p2p channels, 32 p2p channels per peer
thetagpu04:2606497:2608420 [0] NCCL INFO 24 coll channels, 32 p2p channels, 32 p2p channels per peer
thetagpu04:2606504:2608424 [4] NCCL INFO Connected all trees
thetagpu04:2606504:2608424 [4] NCCL INFO threadThresholds 8/8/64 | 64/8/64 | 8/8/512
thetagpu04:2606505:2608419 [5] NCCL INFO Connected all trees
thetagpu04:2606505:2608419 [5] NCCL INFO threadThresholds 8/8/64 | 64/8/64 | 8/8/512
thetagpu04:2606506:2608423 [6] NCCL INFO Connected all trees
thetagpu04:2606506:2608423 [6] NCCL INFO threadThresholds 8/8/64 | 64/8/64 | 8/8/512
thetagpu04:2606500:2608425 [3] NCCL INFO Connected all trees
thetagpu04:2606500:2608425 [3] NCCL INFO threadThresholds 8/8/64 | 64/8/64 | 8/8/512
thetagpu04:2606499:2608418 [2] NCCL INFO Connected all trees
thetagpu04:2606499:2608418 [2] NCCL INFO threadThresholds 8/8/64 | 64/8/64 | 8/8/512
thetagpu04:2606498:2608422 [1] NCCL INFO Connected all trees
thetagpu04:2606498:2608422 [1] NCCL INFO threadThresholds 8/8/64 | 64/8/64 | 8/8/512
thetagpu04:2606504:2608424 [4] NCCL INFO 24 coll channels, 32 p2p channels, 32 p2p channels per peer
thetagpu04:2606505:2608419 [5] NCCL INFO 24 coll channels, 32 p2p channels, 32 p2p channels per peer
thetagpu04:2606506:2608423 [6] NCCL INFO 24 coll channels, 32 p2p channels, 32 p2p channels per peer
thetagpu04:2606500:2608425 [3] NCCL INFO 24 coll channels, 32 p2p channels, 32 p2p channels per peer
thetagpu04:2606499:2608418 [2] NCCL INFO 24 coll channels, 32 p2p channels, 32 p2p channels per peer
thetagpu04:2606498:2608422 [1] NCCL INFO 24 coll channels, 32 p2p channels, 32 p2p channels per peer
thetagpu04:2606504:2608424 [4] NCCL INFO comm 0x7fdb470c11d0 rank 4 nranks 8 cudaDev 4 busId 87000 - Init COMPLETE
thetagpu04:2606507:2608421 [7] NCCL INFO comm 0x7f7b530c1200 rank 7 nranks 8 cudaDev 7 busId bd000 - Init COMPLETE
thetagpu04:2606497:2608420 [0] NCCL INFO comm 0x7f1b2f0d7410 rank 0 nranks 8 cudaDev 0 busId 7000 - Init COMPLETE
thetagpu04:2606505:2608419 [5] NCCL INFO comm 0x7ff60b0ea240 rank 5 nranks 8 cudaDev 5 busId 90000 - Init COMPLETE
thetagpu04:2606506:2608423 [6] NCCL INFO comm 0x7f4ceb0e3240 rank 6 nranks 8 cudaDev 6 busId b7000 - Init COMPLETE
thetagpu04:2606500:2608425 [3] NCCL INFO comm 0x7f1c670e2d90 rank 3 nranks 8 cudaDev 3 busId 4e000 - Init COMPLETE
thetagpu04:2606498:2608422 [1] NCCL INFO comm 0x7f8a3710b280 rank 1 nranks 8 cudaDev 1 busId f000 - Init COMPLETE
thetagpu04:2606499:2608418 [2] NCCL INFO comm 0x7f35870e2240 rank 2 nranks 8 cudaDev 2 busId 47000 - Init COMPLETE
thetagpu04:2606497:2608420 [0] NCCL INFO Launch mode Parallel
[[36m2022-11-17 12:50:46,926[0m][[34mai4sci.trainer[0m][[32mINFO[0m] - [0] [0/1: 0 / 160145 (0%)] epoch=0.0000 dt=23.3027 running_loss=0.0000 batch_loss=0.0302 acc=0.0000 batch_acc=0.0000[0m
[[36m2022-11-17 12:50:53,732[0m][[34mai4sci.trainer[0m][[32mINFO[0m] - [0] [0/1: 2560 / 160145 (2%)] epoch=0.0000 dt=0.2596 running_loss=0.0005 batch_loss=0.0286 acc=0.0000 batch_acc=0.0000[0m
[[36m2022-11-17 12:50:57,286[0m][[34mai4sci.trainer[0m][[32mINFO[0m] - [0] [0/1: 5120 / 160145 (3%)] epoch=0.0000 dt=0.3420 running_loss=0.0010 batch_loss=0.0274 acc=0.0000 batch_acc=0.0000[0m
[[36m2022-11-17 12:51:01,672[0m][[34mai4sci.trainer[0m][[32mINFO[0m] - [0] [0/1: 7680 / 160145 (5%)] epoch=0.0000 dt=0.2796 running_loss=0.0014 batch_loss=0.0274 acc=0.0000 batch_acc=0.0000[0m
[[36m2022-11-17 12:51:05,870[0m][[34mai4sci.trainer[0m][[32mINFO[0m] - [0] [0/1: 10240 / 160145 (6%)] epoch=0.0000 dt=0.2869 running_loss=0.0018 batch_loss=0.0270 acc=0.0001 batch_acc=0.0039[0m
[[36m2022-11-17 12:51:10,076[0m][[34mai4sci.trainer[0m][[32mINFO[0m] - [0] [0/1: 12800 / 160145 (8%)] epoch=0.0000 dt=0.2657 running_loss=0.0023 batch_loss=0.0268 acc=0.0001 batch_acc=0.0000[0m
[[36m2022-11-17 12:51:14,568[0m][[34mai4sci.trainer[0m][[32mINFO[0m] - [0] [0/1: 15360 / 160145 (10%)] epoch=0.0000 dt=0.4870 running_loss=0.0027 batch_loss=0.0269 acc=0.0002 batch_acc=0.0000[0m
[[36m2022-11-17 12:51:18,658[0m][[34mai4sci.trainer[0m][[32mINFO[0m] - [0] [0/1: 17920 / 160145 (11%)] epoch=0.0000 dt=0.3270 running_loss=0.0031 batch_loss=0.0270 acc=0.0002 batch_acc=0.0000[0m
[[36m2022-11-17 12:51:24,337[0m][[34mai4sci.trainer[0m][[32mINFO[0m] - [0] [0/1: 20480 / 160145 (13%)] epoch=0.0000 dt=0.4249 running_loss=0.0036 batch_loss=0.0268 acc=0.0003 batch_acc=0.0000[0m
[[36m2022-11-17 12:51:45,312[0m][[34mai4sci.trainer[0m][[32mINFO[0m] - [0] [0/1: 23040 / 160145 (14%)] epoch=0.0000 dt=0.3618 running_loss=0.0040 batch_loss=0.0269 acc=0.0003 batch_acc=0.0039[0m
[[36m2022-11-17 12:51:49,581[0m][[34mai4sci.trainer[0m][[32mINFO[0m] - [0] [0/1: 25600 / 160145 (16%)] epoch=0.0000 dt=0.5270 running_loss=0.0044 batch_loss=0.0269 acc=0.0004 batch_acc=0.0039[0m
[[36m2022-11-17 12:51:54,693[0m][[34mai4sci.trainer[0m][[32mINFO[0m] - [0] [0/1: 28160 / 160145 (18%)] epoch=0.0000 dt=0.3002 running_loss=0.0048 batch_loss=0.0267 acc=0.0004 batch_acc=0.0039[0m
[[36m2022-11-17 12:52:00,117[0m][[34mai4sci.trainer[0m][[32mINFO[0m] - [0] [0/1: 30720 / 160145 (19%)] epoch=0.0000 dt=0.4027 running_loss=0.0053 batch_loss=0.0265 acc=0.0004 batch_acc=0.0039[0m
[[36m2022-11-17 12:52:04,109[0m][[34mai4sci.trainer[0m][[32mINFO[0m] - [0] [0/1: 33280 / 160145 (21%)] epoch=0.0000 dt=0.4056 running_loss=0.0057 batch_loss=0.0265 acc=0.0005 batch_acc=0.0078[0m
[[36m2022-11-17 12:52:08,316[0m][[34mai4sci.trainer[0m][[32mINFO[0m] - [0] [0/1: 35840 / 160145 (22%)] epoch=0.0000 dt=0.4731 running_loss=0.0061 batch_loss=0.0264 acc=0.0005 batch_acc=0.0039[0m
[[36m2022-11-17 12:52:12,547[0m][[34mai4sci.trainer[0m][[32mINFO[0m] - [0] [0/1: 38400 / 160145 (24%)] epoch=0.0000 dt=0.4012 running_loss=0.0065 batch_loss=0.0261 acc=0.0006 batch_acc=0.0039[0m
[[36m2022-11-17 12:52:16,820[0m][[34mai4sci.trainer[0m][[32mINFO[0m] - [0] [0/1: 40960 / 160145 (26%)] epoch=0.0000 dt=0.4191 running_loss=0.0069 batch_loss=0.0261 acc=0.0007 batch_acc=0.0039[0m
[[36m2022-11-17 12:52:21,173[0m][[34mai4sci.trainer[0m][[32mINFO[0m] - [0] [0/1: 43520 / 160145 (27%)] epoch=0.0000 dt=0.2984 running_loss=0.0074 batch_loss=0.0262 acc=0.0008 batch_acc=0.0039[0m
[[36m2022-11-17 12:52:25,459[0m][[34mai4sci.trainer[0m][[32mINFO[0m] - [0] [0/1: 46080 / 160145 (29%)] epoch=0.0000 dt=0.3005 running_loss=0.0078 batch_loss=0.0261 acc=0.0008 batch_acc=0.0000[0m
[[36m2022-11-17 12:52:29,620[0m][[34mai4sci.trainer[0m][[32mINFO[0m] - [0] [0/1: 48640 / 160145 (30%)] epoch=0.0000 dt=0.4347 running_loss=0.0082 batch_loss=0.0259 acc=0.0009 batch_acc=0.0039[0m
